Using pre-set license
Built from '2022.3/staging' branch; Version is '2022.3.10f1 (ff3792e53c62) revision 16725906'; Using compiler version '192829333'; Build Type 'Release'
OS: 'Windows 11  (10.0.22621) 64bit CoreSingleLanguage' Language: 'en' Physical Memory: 16052 MB
BatchMode: 1, IsHumanControllingUs: 0, StartBugReporterOnCrash: 0, Is64bit: 1, IsPro: 1

COMMAND LINE ARGUMENTS:
C:\Program Files\Unity\Hub\Editor\2022.3.10f1\Editor\Unity.exe
-adb2
-batchMode
-noUpm
-name
AssetImportWorker1
-projectPath
C:/Users/vpthe/OneDrive/Desktop/Unity Projects/2D Game Project/2DGameProject
-logFile
Logs/AssetImportWorker1.log
-srvPort
52187
Successfully changed project path to: C:/Users/vpthe/OneDrive/Desktop/Unity Projects/2D Game Project/2DGameProject
C:/Users/vpthe/OneDrive/Desktop/Unity Projects/2D Game Project/2DGameProject
[UnityMemory] Configuration Parameters - Can be set up in boot.config
    "memorysetup-bucket-allocator-granularity=16"
    "memorysetup-bucket-allocator-bucket-count=8"
    "memorysetup-bucket-allocator-block-size=33554432"
    "memorysetup-bucket-allocator-block-count=8"
    "memorysetup-main-allocator-block-size=16777216"
    "memorysetup-thread-allocator-block-size=16777216"
    "memorysetup-gfx-main-allocator-block-size=16777216"
    "memorysetup-gfx-thread-allocator-block-size=16777216"
    "memorysetup-cache-allocator-block-size=4194304"
    "memorysetup-typetree-allocator-block-size=2097152"
    "memorysetup-profiler-bucket-allocator-granularity=16"
    "memorysetup-profiler-bucket-allocator-bucket-count=8"
    "memorysetup-profiler-bucket-allocator-block-size=33554432"
    "memorysetup-profiler-bucket-allocator-block-count=8"
    "memorysetup-profiler-allocator-block-size=16777216"
    "memorysetup-profiler-editor-allocator-block-size=1048576"
    "memorysetup-temp-allocator-size-main=16777216"
    "memorysetup-job-temp-allocator-block-size=2097152"
    "memorysetup-job-temp-allocator-block-size-background=1048576"
    "memorysetup-job-temp-allocator-reduction-small-platforms=262144"
    "memorysetup-allocator-temp-initial-block-size-main=262144"
    "memorysetup-allocator-temp-initial-block-size-worker=262144"
    "memorysetup-temp-allocator-size-background-worker=32768"
    "memorysetup-temp-allocator-size-job-worker=262144"
    "memorysetup-temp-allocator-size-preload-manager=33554432"
    "memorysetup-temp-allocator-size-nav-mesh-worker=65536"
    "memorysetup-temp-allocator-size-audio-worker=65536"
    "memorysetup-temp-allocator-size-cloud-worker=32768"
    "memorysetup-temp-allocator-size-gi-baking-worker=262144"
    "memorysetup-temp-allocator-size-gfx=262144"
Player connection [29204] Host "[IP] 192.168.6.1 [Port] 0 [Flags] 2 [Guid] 3075482702 [EditorId] 3075482702 [Version] 1048832 [Id] WindowsEditor(7,PAVILION14) [Debug] 1 [PackageName] WindowsEditor [ProjectName] Editor" joined multi-casting on [225.0.0.222:54997]...

Player connection [29204] Host "[IP] 192.168.6.1 [Port] 0 [Flags] 2 [Guid] 3075482702 [EditorId] 3075482702 [Version] 1048832 [Id] WindowsEditor(7,PAVILION14) [Debug] 1 [PackageName] WindowsEditor [ProjectName] Editor" joined alternative multi-casting on [225.0.0.222:34997]...

[Physics::Module] Initialized MultithreadedJobDispatcher with 11 workers.
Refreshing native plugins compatible for Editor in 5338.47 ms, found 4 plugins.
Preloading 0 native plugins for Editor in 0.00 ms.
Initialize engine version: 2022.3.10f1 (ff3792e53c62)
[Subsystems] Discovering subsystems at path C:/Program Files/Unity/Hub/Editor/2022.3.10f1/Editor/Data/Resources/UnitySubsystems
[Subsystems] Discovering subsystems at path C:/Users/vpthe/OneDrive/Desktop/Unity Projects/2D Game Project/2DGameProject/Assets
GfxDevice: creating device client; threaded=0; jobified=0
Direct3D:
    Version:  Direct3D 11.0 [level 11.1]
    Renderer: Intel(R) Iris(R) Xe Graphics (ID=0x46a8)
    Vendor:   Intel
    VRAM:     8026 MB
    Driver:   31.0.101.4502
Initialize mono
Mono path[0] = 'C:/Program Files/Unity/Hub/Editor/2022.3.10f1/Editor/Data/Managed'
Mono path[1] = 'C:/Program Files/Unity/Hub/Editor/2022.3.10f1/Editor/Data/MonoBleedingEdge/lib/mono/unityjit-win32'
Mono config path = 'C:/Program Files/Unity/Hub/Editor/2022.3.10f1/Editor/Data/MonoBleedingEdge/etc'
Using monoOptions --debugger-agent=transport=dt_socket,embedding=1,server=y,suspend=n,address=127.0.0.1:56140
Begin MonoManager ReloadAssembly
Registering precompiled unity dll's ...
Register platform support module: C:/Program Files/Unity/Hub/Editor/2022.3.10f1/Editor/Data/PlaybackEngines/WebGLSupport/UnityEditor.WebGL.Extensions.dll
Register platform support module: C:/Program Files/Unity/Hub/Editor/2022.3.10f1/Editor/Data/PlaybackEngines/WindowsStandaloneSupport/UnityEditor.WindowsStandalone.Extensions.dll
Registered in 0.054307 seconds.
- Loaded All Assemblies, in 19.575 seconds
Native extension for WindowsStandalone target not found
Native extension for WebGL target not found
Mono: successfully reloaded assembly
- Finished resetting the current domain, in  0.901 seconds
Domain Reload Profiling: 20466ms
	BeginReloadAssembly (14508ms)
		ExecutionOrderSort (0ms)
		DisableScriptedObjects (0ms)
		BackupInstance (0ms)
		ReleaseScriptingObjects (0ms)
		CreateAndSetChildDomain (1ms)
	RebuildCommonClasses (1337ms)
	RebuildNativeTypeToScriptingClass (25ms)
	initialDomainReloadingComplete (298ms)
	LoadAllAssembliesAndSetupDomain (3395ms)
		LoadAssemblies (14507ms)
		RebuildTransferFunctionScriptingTraits (0ms)
		AnalyzeDomain (3382ms)
			TypeCache.Refresh (3379ms)
				TypeCache.ScanAssembly (2442ms)
			ScanForSourceGeneratedMonoScriptInfo (1ms)
			ResolveRequiredComponents (1ms)
	FinalizeReload (903ms)
		ReleaseScriptCaches (0ms)
		RebuildScriptCaches (0ms)
		SetupLoadedEditorAssemblies (736ms)
			LogAssemblyErrors (0ms)
			InitializePlatformSupportModulesInManaged (32ms)
			SetLoadedEditorAssemblies (16ms)
			RefreshPlugins (0ms)
			BeforeProcessingInitializeOnLoad (7ms)
			ProcessInitializeOnLoadAttributes (431ms)
			ProcessInitializeOnLoadMethodAttributes (251ms)
			AfterProcessingInitializeOnLoad (0ms)
			EditorAssembliesLoaded (0ms)
		ExecutionOrderSort2 (0ms)
		AwakeInstancesAfterBackupRestoration (0ms)
========================================================================
Worker process is ready to serve import requests
Begin MonoManager ReloadAssembly
- Loaded All Assemblies, in 40.045 seconds
Refreshing native plugins compatible for Editor in 11.40 ms, found 4 plugins.
Native extension for WindowsStandalone target not found
Native extension for WebGL target not found
Package Manager log level set to [2]
[Package Manager] Server::EnsureServerProcessIsRunning -- launch failed, reason: Unity was launched with the -noUpm command-line argument
[Package Manager] UpmClient::Send -- Unable to send message (not connected to UPM process).
[Package Manager] Cannot connect to Unity Package Manager local server
Mono: successfully reloaded assembly
- Finished resetting the current domain, in  1.887 seconds
Domain Reload Profiling: 41881ms
	BeginReloadAssembly (1090ms)
		ExecutionOrderSort (0ms)
		DisableScriptedObjects (29ms)
		BackupInstance (0ms)
		ReleaseScriptingObjects (50ms)
		CreateAndSetChildDomain (184ms)
	RebuildCommonClasses (197ms)
	RebuildNativeTypeToScriptingClass (60ms)
	initialDomainReloadingComplete (439ms)
	LoadAllAssembliesAndSetupDomain (38207ms)
		LoadAssemblies (37389ms)
		RebuildTransferFunctionScriptingTraits (0ms)
		AnalyzeDomain (1327ms)
			TypeCache.Refresh (1263ms)
				TypeCache.ScanAssembly (1066ms)
			ScanForSourceGeneratedMonoScriptInfo (44ms)
			ResolveRequiredComponents (18ms)
	FinalizeReload (1889ms)
		ReleaseScriptCaches (0ms)
		RebuildScriptCaches (0ms)
		SetupLoadedEditorAssemblies (1435ms)
			LogAssemblyErrors (0ms)
			InitializePlatformSupportModulesInManaged (17ms)
			SetLoadedEditorAssemblies (8ms)
			RefreshPlugins (0ms)
			BeforeProcessingInitializeOnLoad (175ms)
			ProcessInitializeOnLoadAttributes (959ms)
			ProcessInitializeOnLoadMethodAttributes (246ms)
			AfterProcessingInitializeOnLoad (30ms)
			EditorAssembliesLoaded (1ms)
		ExecutionOrderSort2 (0ms)
		AwakeInstancesAfterBackupRestoration (26ms)
Launched and connected shader compiler UnityShaderCompiler.exe after 0.25 seconds
Refreshing native plugins compatible for Editor in 18.37 ms, found 4 plugins.
Preloading 0 native plugins for Editor in 0.00 ms.
Unloading 6139 Unused Serialized files (Serialized files now loaded: 0)
Unloading 115 unused Assets / (1.8 MB). Loaded Objects now: 6582.
Memory consumption went from 242.8 MB to 240.9 MB.
Total: 10.082500 ms (FindLiveObjects: 0.716500 ms CreateObjectMapping: 0.670000 ms MarkObjects: 7.536500 ms  DeleteObjects: 1.156100 ms)

AssetImportParameters requested are different than current active one (requested -> active):
  custom:container-demuxer-ogg: 62fdf1f143b41e24485cea50d1cbac27 -> 
  custom:video-codec-MediaFoundation-h265: 746d11721c4dcdbdad8f713fa42b33f4 -> 
  custom:video-decoder-ogg-theora: a1e56fd34408186e4bbccfd4996cb3dc -> 
  custom:framework-win-MediaFoundation: 216162199b28c13a410421893ffa2e32 -> 
  custom:scripting/monoscript/fileName/PriorityQueue.cs: a53f96815da50de15010b1c479bc70cf -> c3ffd9f04730b0453c42b2f446427770
  custom:CustomObjectIndexerAttribute: d54d2f2da18e7612c182cf67624b6b12 -> 
  custom:container-demuxer-webm: 4f35f7cbe854078d1ac9338744f61a02 -> 
  custom:container-muxer-webm: aa71ff27fc2769a1b78a27578f13a17b -> 
  custom:video-decoder-webm-vp8: 9c59270c3fd7afecdb556c50c9e8de78 -> 
  custom:SearchIndexIgnoredProperties: e643bd26f0fe6173181afceb89e7c659 -> 
  custom:AudioImporter_EditorPlatform: d09bf68614088b80899f8185d706f6e7 -> 
  custom:scripting/monoscript/fileName/RuleTile.cs: f5f493643c39cafead8f05df075b38cf -> 5b978741c52b97f232dcc85b0f945a21
  custom:video-encoder-webm-vp8: eb34c28f22e8b96e1ab97ce403110664 -> 
  custom:audio-decoder-ogg-vorbis: bf7c407c2cedff20999df2af8eb42d56 -> 
  custom:audio-encoder-webm-vorbis: bf7c407c2cedff20999df2af8eb42d56 -> 
  custom:scripting/monoscript/fileName/InventoryController.cs:  -> 7880de909c4f04956975095826612c9e
  custom:scripting/monoscript/fileName/GameObjectTeleporter.cs:  -> cec774bdb00fbbe5c288704d75addc45
  custom:scripting/monoscript/fileName/TimeDilationBehaviour.cs:  -> 2a47a54a3c8f27fb70a0495884d523e1
  custom:scripting/monoscript/fileName/MixerSliderLink.cs:  -> 34dc8c25ea78265e9892e215cccf8e58
  custom:scripting/monoscript/fileName/LightControlClip.cs:  -> a94673739b1222db71fa76111e74252b
  custom:scripting/monoscript/fileName/UIAutoscroll.cs:  -> b40f2c3c01e294e024d86663bf27e7f2
  custom:scripting/monoscript/fileName/ScrollingTextMixerBehaviour.cs:  -> 685ce4c6b416c4913274427a80cd5189
  custom:scripting/monoscript/fileName/ChomperAttackSMB.cs:  -> 5c613e850f01a188d5ac1d5ca2598617
  custom:scripting/monoscript/fileName/TransformTweenTrack.cs:  -> b3921d1f41ddee929b63e0c5ea8cae5c
  custom:scripting/monoscript/fileName/SceneTransitionDestination.cs:  -> d0a98480ec6fe4a2ca036688a968da8f
  custom:scripting/monoscript/fileName/ChomperDeathSMB.cs:  -> 1b3e7e3816e7abc6f2182e88c1699d28
  custom:scripting/monoscript/fileName/CharacterStateSetter.cs:  -> dcf64547b1cf432563c7c6e8448c940f
  custom:scripting/monoscript/fileName/BackgroundMusicPlayer.cs:  -> 48bb0d45a3f2b260acc16e847ca911a0
  custom:scripting/monoscript/fileName/ScreenFaderTrack.cs:  -> f5106af22ad1689581ff1b63d4d1d802
  custom:scripting/monoscript/fileName/NavMeshAgentControlBehaviour.cs:  -> d1e0b654987e670f8f49444014f15fb8
  custom:scripting/monoscript/fileName/VideoScriptPlayableTrack.cs:  -> 4e988d7ae96bed1880ed6782386208e1
  custom:scripting/monoscript/fileName/GunnerProjectile.cs:  -> 33ac9aff9365a37fe39fe8dd4aec7d6c
  custom:scripting/monoscript/fileName/TimeDilationClip.cs:  -> cf47e4ba07d08369b85315a94710cac7
  custom:scripting/monoscript/fileName/CrouchWithGunSMB.cs:  -> a298a6ce9dcc1a17a2cf443867139c6a
  custom:scripting/monoscript/fileName/BossDoorStateManager.cs:  -> 654760997733a1cf7a4e36ee0a14dfe1
  custom:scripting/monoscript/fileName/Helpers.cs:  -> 2eaee7b49665e9b99a9417d302587fba
  custom:scripting/monoscript/fileName/DirectorTrigger.cs:  -> e9fc6ed5a21c5320242fc3c7520fc65a
  custom:scripting/monoscript/fileName/SceneLinkedSMB.cs:  -> 1c4f1a4601c063d152f92406c86b1c4c
  custom:scripting/monoscript/fileName/DropShadow.cs:  -> 3e1ff13a794a7c59b47813614a6dd79e
  custom:scripting/monoscript/fileName/GunnerLightning.cs:  -> e2873910f89073dd41e8965cbb72d011
  custom:scripting/monoscript/fileName/HubDoor.cs:  -> f4306e5c2908f585c95b90ca4b27c997
  custom:scripting/monoscript/fileName/ScrollingTextBehaviour.cs:  -> 0dc5de619ed95c9e13e84edfc085c768
  custom:scripting/monoscript/fileName/AirborneMeleeAttackSMB.cs:  -> a65352d52ccc232b2476dcf0e5b524d2
  custom:scripting/monoscript/fileName/PlatformCatcher.cs:  -> 53e1d92850ee2ea1c6bbf9345cc337f5
  custom:scripting/monoscript/fileName/TriggerVFX.cs:  -> 74e9c1be307ec8cb472221d022a4fe1c
  custom:scripting/monoscript/fileName/LayerMaskExtensions.cs:  -> e9ece84cdf61a9cf1146f4181360635c
  custom:scripting/monoscript/fileName/TimeDilationMixerBehaviour.cs:  -> 9db71cea3a357f19f5412255d887380d
  custom:scripting/monoscript/fileName/CharacterController2D.cs:  -> 99456e04c29fefa83756856ee9867c51
  custom:scripting/monoscript/fileName/IDataPersister.cs:  -> aa18343f03b13317fc4b5d185e4847f8
  custom:scripting/monoscript/fileName/BlurOptimized.cs:  -> a99dff34286593c12b0fab92e7c0da68
  custom:scripting/monoscript/fileName/SceneControllerWrapper.cs:  -> bd656429762be5eec528243dd04c42ec
  custom:scripting/monoscript/fileName/LocalTransformDuplicator.cs:  -> bc433714d03af0c3ea5a46285f830e34
  custom:scripting/monoscript/fileName/TranslatedPhrases.cs:  -> 2e62af1d5eec579a23db4f7a41fbcd30
  custom:scripting/monoscript/fileName/Damageable.cs:  -> fcd05effbcbd53b62db43a1233119fd2
  custom:scripting/monoscript/fileName/PhysicsHelper.cs:  -> 8ecfdcedf329200e0b6b525dfad6529d
  custom:scripting/monoscript/fileName/MeleeAttackSMB.cs:  -> b22dfa35674c27650141b90a71d432c9
  custom:scripting/monoscript/fileName/EnemyBehaviour.cs:  -> d54095ec16e5a6d583333f28534703cc
  custom:scripting/monoscript/fileName/InstantiateObject.cs:  -> 9bbf47d7f185cdbc66381edb38c61fd1
  custom:scripting/monoscript/fileName/NavMeshAgentControlMixerBehaviour.cs:  -> 7b48ffad63e28e2c99eda486e54a5293
  custom:scripting/monoscript/fileName/ChomperPatrolSMB.cs:  -> 9a6924c77bf2b04c49433dcb8129e3a9
  custom:scripting/monoscript/fileName/TransformTweenClip.cs:  -> ce8bae8ab2e8ac4b99b0d502759d6faf
  custom:scripting/monoscript/fileName/TranslatedText.cs:  -> 9cac2f8c265cd155bab4c2a75448dc08
  custom:scripting/monoscript/fileName/ScreenFader.cs:  -> 61442d2b08caa8d5c2c3477f22a6ceda
  custom:scripting/monoscript/fileName/PostEffectsBase.cs:  -> 6aabc5a6e1a831a9196622d2796540be
  custom:scripting/monoscript/fileName/LightControlMixerBehaviour.cs:  -> 0fcaed5ba9cc72e85e9f996f47c6994e
  custom:scripting/monoscript/fileName/Readme.cs:  -> 5aedf578fb2663036982fb7b05aaf325
  custom:scripting/monoscript/fileName/CrouchSMB.cs:  -> 6cfd876afb1001ec8ae8b5130932d11b
  custom:scripting/monoscript/fileName/InputDisplayUI.cs:  -> 4cc08b2863ef7d607a75f5dc93ba3120
  custom:scripting/monoscript/fileName/InteractOnButton.cs:  -> e4d0fe12764b00e7fab504a4cfc8e831
  custom:scripting/monoscript/fileName/ScreenFaderClip.cs:  -> c069ccc2530ec9204750ffe25d5deda2
  custom:scripting/monoscript/fileName/VideoSchedulerPlayableBehaviour.cs:  -> ba9ca0af4ca4ba259d5aee4a7a62a467
  custom:scripting/monoscript/fileName/GunnerBeamController.cs:  -> bd1304ed82dfe25a34f70df600dae9d2
  custom:scripting/monoscript/fileName/TransformTweenMixerBehaviour.cs:  -> 37456ce2a83d18cd310416f056c5ca19
  custom:scripting/monoscript/fileName/RespawnSMB.cs:  -> 5e975a30d979cfe9992aeccc72fde642
  custom:scripting/monoscript/fileName/BT.cs:  -> 614426a8fd082fe78dd38ccbd1fd1d20
  custom:scripting/monoscript/fileName/LocomotionWithGunSMB.cs:  -> 6b45ae25b4f43d87118cf2d31ad16c92
  custom:scripting/monoscript/fileName/WeaponPickup.cs:  -> 6610478444b5257181dccf72fcdd41d1
  custom:scripting/monoscript/fileName/RandomAudioPlayer.cs:  -> acc4b9af20b1de32113181c869dbee6e
  custom:scripting/monoscript/fileName/PressurePad.cs:  -> 4053679896b224a1ec978dcee2c2fa9b
  custom:scripting/monoscript/fileName/OptionUI.cs:  -> 3d8b10704d6d94421961cb2ae90be4de
  custom:scripting/monoscript/fileName/InteractOnButton2D.cs:  -> efdc4fcff9cbd94a6efc6a19c00b1a33
  custom:scripting/monoscript/fileName/SetMaterialRenderQueue.cs:  -> eb3d3a6e2f1f4d076ae07da14b47cae1
  custom:scripting/monoscript/fileName/GunnerShieldEffect.cs:  -> 17daddb523d2f27301ca678a5c754775
  custom:scripting/monoscript/fileName/PrewarmDirector.cs:  -> 82c820308bcf87e7c504a340a3d881cf
  custom:scripting/monoscript/fileName/GunnerBeam.cs:  -> c7fada0591b381de5b3e247a5d6d7b2d
  custom:scripting/monoscript/fileName/TextSwitcherMixerBehaviour.cs:  -> 7f42be20fe5c6402bccb2441ee0ece59
  custom:scripting/monoscript/fileName/ObjectPool.cs:  -> 5e2ab9cfe81e04de31d18dbafae66b8c
  custom:scripting/monoscript/fileName/BulletPool.cs:  -> cc1c9d88e0bb318994de075b0e1d430f
  custom:scripting/monoscript/fileName/SavedData.cs:  -> 685f0e7f1b879fac2a1273ba9c1d9e32
  custom:scripting/monoscript/fileName/CameraShaker.cs:  -> 5d9f2f08877e185f3b2213f3b0d22d61
  custom:scripting/monoscript/fileName/InteractOnTrigger.cs:  -> 0b33b17586e3e5dee01b7ccaf45a47aa
  custom:scripting/monoscript/fileName/TransitionPoint.cs:  -> b12486bfff6f324e7a74c16c55fea160
  custom:scripting/monoscript/fileName/ScreenFaderMixerBehaviour.cs:  -> 0b9f78a54c807c6c86048033fc1ca805
  custom:scripting/monoscript/fileName/LightControlTrack.cs:  -> 763227231a71417a1a5ac4e70e61e96d
  custom:scripting/monoscript/fileName/TimedDisabling.cs:  -> 66b57bce31c9098c48eebe182b9f34ab
  custom:scripting/monoscript/fileName/AirborneSMB.cs:  -> 15490f24f4dfe266cb94356c58d47803
  custom:scripting/monoscript/fileName/PlayerInput.cs:  -> 0011f26ec7b9072592b7116643c3d314
  custom:scripting/monoscript/fileName/AutoCameraSetup.cs:  -> 0b80d5c6cd4c575aacdcb719373a31b4
  custom:scripting/monoscript/fileName/ScrollingTextClip.cs:  -> e675b8f5564fc8becb13af81902cca5d
  custom:scripting/monoscript/fileName/VideoScriptPlayableAsset.cs:  -> 7fd2644f85d74c216c2e0e5772842021
  custom:scripting/monoscript/fileName/TextSwitcherTrack.cs:  -> 0cb912a8bf9a97e23e637d17886f6125
  custom:scripting/monoscript/fileName/DeadLandingSMB.cs:  -> d8d851384fef411aad1e207daffd35ae
  custom:scripting/monoscript/fileName/SceneNameAttribute.cs:  -> bf193d100568cb2caf4037841182cdc3
  custom:scripting/monoscript/fileName/MenuActivityController.cs:  -> df27cf9df0308267b909e3569dfd174c
  custom:scripting/monoscript/fileName/ScreenFaderBehaviour.cs:  -> 60b806abc76c3a143984d4a8f0d4312e
  custom:scripting/monoscript/fileName/HealthPickup.cs:  -> 59a70299938e074bbeb0d192f51899c8
  custom:scripting/monoscript/fileName/InventoryItem.cs:  -> 85cfaa8d7c5fa9b2d3a2ef83376219ac
  custom:scripting/monoscript/fileName/ChomperRunToTargetSMB.cs:  -> 953f7d7232a8a53afda9959b3b078799
  custom:scripting/monoscript/fileName/VideoPlayableBehaviour.cs:  -> 4083fab20e54cf12508c44ba2a09e69c
  custom:scripting/monoscript/fileName/VFXController.cs:  -> 7ad7aa5149ad9a7559a08b9251704d6e
  custom:scripting/monoscript/fileName/SpitterBT.cs:  -> 9bcd1d5bcb70df38b535ba21ced0e16d
  custom:scripting/monoscript/fileName/Pushable.cs:  -> f6ec5c5de10c264b91f8a8d2c7e874d1
  custom:scripting/monoscript/fileName/KeyUI.cs:  -> 0d4c654f481a42a510015065bb2cadf1
  custom:scripting/monoscript/fileName/NavMeshAgentControlClip.cs:  -> 44f2e4bb750ce6d6a6c7ff748e5210ba
  custom:scripting/monoscript/fileName/TimeDilationTrack.cs:  -> 1abc002dce70930dcfd6d5102a48203e
  custom:scripting/monoscript/fileName/DeadSMB.cs:  -> f6a7e8d943908899b684a015ca3fbc07
  custom:scripting/monoscript/fileName/TransformTweenBehaviour.cs:  -> 38476248d583861e517f0afd203b6742
  custom:scripting/monoscript/fileName/TextSwitcherBehaviour.cs:  -> 68256d96e2f8da698537c24082064101
  custom:scripting/monoscript/fileName/FallthroughReseter.cs:  -> 0cc9cb66cdbd586856ec25dac9094394
  custom:scripting/monoscript/fileName/Damager.cs:  -> 513f60219d4f47bf4d7b9dfbf22d1bf6
  custom:scripting/monoscript/fileName/SpriteColorChange.cs:  -> 5f703a44d870f4425a06445fddf5436b
  custom:scripting/monoscript/fileName/TextSwitcherClip.cs:  -> 2fde822cdd69a6dbe2320ac8efe14a97
  custom:scripting/monoscript/fileName/LocomotionSMB.cs:  -> 5db1d438c6734470d7a02cae2ed50f1e
  custom:scripting/monoscript/fileName/WaterArea.cs:  -> 47e2351e33e4206dd7bc47f23407f700
  custom:scripting/monoscript/fileName/Bullet.cs:  -> 0444b6dca11945af1fec7b2593d596ea
  custom:scripting/monoscript/fileName/PersistentDataManager.cs:  -> d83cbfbf007788d038c312e46fb2544b
  custom:scripting/monoscript/fileName/Grenade.cs:  -> f1eb7744a78d223fa0339eb9cff3bb5f
  custom:scripting/monoscript/fileName/HurtSMB.cs:  -> e5027485537873c9c9a5803bece02e26
  custom:scripting/monoscript/fileName/MovingPlatform.cs:  -> 4bbee5568bb59cbc5cde6104e4519cb2
  custom:scripting/monoscript/fileName/LightControlBehaviour.cs:  -> a1aef39299a63bc9e8f2136779eabb39
  custom:scripting/monoscript/fileName/Checkpoint.cs:  -> fe80b71ef9e1c085691705bda80e050d
  custom:scripting/monoscript/fileName/Translator.cs:  -> ce7bb72620b3773e56fd58c00b6ec152
  custom:scripting/monoscript/fileName/HealthUI.cs:  -> 0de74da64232f4bb9ce2d04228ef2a16
  custom:scripting/monoscript/fileName/SceneController.cs:  -> b6ff33d3663ca306ad3fc5f86c8cd972
  custom:scripting/monoscript/fileName/InteractOnTrigger2D.cs:  -> 8ed2cd8fe3c297d7caa17250b73bfb3c
  custom:scripting/monoscript/fileName/EnemySpawner.cs:  -> c162de244570e4c4fe11ee5e10698ed5
  custom:scripting/monoscript/fileName/OpenURL.cs:  -> 50efd310353ce9873853be18228f7805
  custom:scripting/monoscript/fileName/NavMeshAgentControlTrack.cs:  -> 459da79f666b02d1bec6a1ebecbfbfa2
  custom:scripting/monoscript/fileName/InteractOnCollision.cs:  -> df0761b13ce22e42d17eac0dd5ab9fcb
  custom:scripting/monoscript/fileName/VisibleBubbleUp.cs:  -> 301387740263f76951df11800d729e36
  custom:scripting/monoscript/fileName/InteractOnCollision2D.cs:  -> 8b4606601b42db12954ebfc03c2b453c
  custom:scripting/monoscript/fileName/SendSignal.cs:  -> 79412faeec5e40a5b3675cc76ef9ec26
  custom:scripting/monoscript/fileName/StartUI.cs:  -> 43d1afdc9070ac88b5cb4e979188f885
  custom:scripting/monoscript/fileName/MissileGolem.cs:  -> c9778d635a6e79e4247926988f22e3b9
  custom:scripting/precompiled-assembly-types:Assembly-CSharp:  -> d08be3d939a1f7eb892509514bb91906
  custom:scripting/monoscript/fileName/PushingSMB.cs:  -> 39f074a67bb3253c78f2f7b6d82a90fc
  custom:scripting/monoscript/fileName/DialogueCanvasController.cs:  -> 189b66cf11e3ecd48f08f6e15f6da3b9
  custom:scripting/monoscript/fileName/PlayerCharacter.cs:  -> 35e1e14986555765c7b5dc93a2c20c9a
  custom:scripting/monoscript/fileName/ObjectPositionResetter.cs:  -> 2f96a112808c661babf6beaf774709bf
  custom:scripting/monoscript/fileName/ScrollingTextTrack.cs:  -> 9cf61616b021cbc66da08fe3043d3141
  custom:scripting/monoscript/fileName/AirborneWithGunSMB.cs:  -> c6edb5717342d2e3766d3a3916112940
  custom:scripting/monoscript/fileName/AudioSurface.cs:  -> c4b013abb76f66ba3742136bfca3fd5d
  custom:scripting/monoscript/fileName/StartScreenSpriteOffsetter.cs:  -> b406a668fa5fc159070268f4c1987f27
  custom:scripting/monoscript/fileName/OriginalPhrases.cs:  -> 3a7c8ff2e471fef49a30d2d940e0ec72
  custom:scripting/monoscript/fileName/InputComponent.cs:  -> 41073c3987211857bb895c58aa5f1411
========================================================================
Received Import Request.
  Time since last request: 79554.144662 seconds.
  path: Assets/2DGamekit/Utilities/Editor/RuleTileEditor.cs
  artifactKey: Guid(3e71affbe222bd547ab7959462d8ea0d) Importer(815301076,1909f56bfc062723c751e8b465ee728b)
Start importing Assets/2DGamekit/Utilities/Editor/RuleTileEditor.cs using Guid(3e71affbe222bd547ab7959462d8ea0d) Importer(815301076,1909f56bfc062723c751e8b465ee728b)  -> (artifact id: '7ea631d7e2d689a0c05457c02a557126') in 0.003463 seconds
Number of updated asset objects reloaded before import = 0
Number of asset objects unloaded after import = 0
========================================================================
Received Prepare
Begin MonoManager ReloadAssembly
- Loaded All Assemblies, in  1.108 seconds
Refreshing native plugins compatible for Editor in 10.50 ms, found 4 plugins.
Native extension for WindowsStandalone target not found
Native extension for WebGL target not found
[Package Manager] Server::EnsureServerProcessIsRunning -- launch failed, reason: Unity was launched with the -noUpm command-line argument
[Package Manager] UpmClient::Send -- Unable to send message (not connected to UPM process).
[Package Manager] Cannot connect to Unity Package Manager local server
Mono: successfully reloaded assembly
- Finished resetting the current domain, in  7.048 seconds
Domain Reload Profiling: 8146ms
	BeginReloadAssembly (335ms)
		ExecutionOrderSort (0ms)
		DisableScriptedObjects (24ms)
		BackupInstance (0ms)
		ReleaseScriptingObjects (0ms)
		CreateAndSetChildDomain (76ms)
	RebuildCommonClasses (112ms)
	RebuildNativeTypeToScriptingClass (31ms)
	initialDomainReloadingComplete (82ms)
	LoadAllAssembliesAndSetupDomain (537ms)
		LoadAssemblies (632ms)
		RebuildTransferFunctionScriptingTraits (0ms)
		AnalyzeDomain (83ms)
			TypeCache.Refresh (20ms)
				TypeCache.ScanAssembly (4ms)
			ScanForSourceGeneratedMonoScriptInfo (44ms)
			ResolveRequiredComponents (17ms)
	FinalizeReload (7049ms)
		ReleaseScriptCaches (0ms)
		RebuildScriptCaches (0ms)
		SetupLoadedEditorAssemblies (1021ms)
			LogAssemblyErrors (0ms)
			InitializePlatformSupportModulesInManaged (12ms)
			SetLoadedEditorAssemblies (5ms)
			RefreshPlugins (0ms)
			BeforeProcessingInitializeOnLoad (143ms)
			ProcessInitializeOnLoadAttributes (688ms)
			ProcessInitializeOnLoadMethodAttributes (157ms)
			AfterProcessingInitializeOnLoad (16ms)
			EditorAssembliesLoaded (1ms)
		ExecutionOrderSort2 (0ms)
		AwakeInstancesAfterBackupRestoration (26ms)
Refreshing native plugins compatible for Editor in 11.73 ms, found 4 plugins.
Preloading 0 native plugins for Editor in 0.00 ms.
Unloading 5947 Unused Serialized files (Serialized files now loaded: 0)
Unloading 66 unused Assets / (1.8 MB). Loaded Objects now: 6600.
Memory consumption went from 206.3 MB to 204.5 MB.
Total: 5.366500 ms (FindLiveObjects: 0.507900 ms CreateObjectMapping: 0.300800 ms MarkObjects: 4.013400 ms  DeleteObjects: 0.541800 ms)

Prepare: number of updated asset objects reloaded= 0
AssetImportParameters requested are different than current active one (requested -> active):
  custom:container-demuxer-ogg: 62fdf1f143b41e24485cea50d1cbac27 -> 
  custom:video-codec-MediaFoundation-h265: 746d11721c4dcdbdad8f713fa42b33f4 -> 
  custom:video-decoder-ogg-theora: a1e56fd34408186e4bbccfd4996cb3dc -> 
  custom:framework-win-MediaFoundation: 216162199b28c13a410421893ffa2e32 -> 
  custom:CustomObjectIndexerAttribute: d54d2f2da18e7612c182cf67624b6b12 -> 
  custom:container-demuxer-webm: 4f35f7cbe854078d1ac9338744f61a02 -> 
  custom:container-muxer-webm: aa71ff27fc2769a1b78a27578f13a17b -> 
  custom:video-decoder-webm-vp8: 9c59270c3fd7afecdb556c50c9e8de78 -> 
  custom:SearchIndexIgnoredProperties: e643bd26f0fe6173181afceb89e7c659 -> 
  custom:AudioImporter_EditorPlatform: d09bf68614088b80899f8185d706f6e7 -> 
  custom:scripting/monoscript/fileName/RuleTile.cs: f5f493643c39cafead8f05df075b38cf -> 5b978741c52b97f232dcc85b0f945a21
  custom:video-encoder-webm-vp8: eb34c28f22e8b96e1ab97ce403110664 -> 
  custom:audio-decoder-ogg-vorbis: bf7c407c2cedff20999df2af8eb42d56 -> 
  custom:audio-encoder-webm-vorbis: bf7c407c2cedff20999df2af8eb42d56 -> 
========================================================================
Received Prepare
Begin MonoManager ReloadAssembly
- Loaded All Assemblies, in  1.595 seconds
Refreshing native plugins compatible for Editor in 22.82 ms, found 4 plugins.
Native extension for WindowsStandalone target not found
Native extension for WebGL target not found
[Package Manager] Server::EnsureServerProcessIsRunning -- launch failed, reason: Unity was launched with the -noUpm command-line argument
[Package Manager] UpmClient::Send -- Unable to send message (not connected to UPM process).
[Package Manager] Cannot connect to Unity Package Manager local server
Mono: successfully reloaded assembly
- Finished resetting the current domain, in  6.256 seconds
Domain Reload Profiling: 7828ms
	BeginReloadAssembly (585ms)
		ExecutionOrderSort (0ms)
		DisableScriptedObjects (35ms)
		BackupInstance (0ms)
		ReleaseScriptingObjects (0ms)
		CreateAndSetChildDomain (145ms)
	RebuildCommonClasses (113ms)
	RebuildNativeTypeToScriptingClass (55ms)
	initialDomainReloadingComplete (131ms)
	LoadAllAssembliesAndSetupDomain (686ms)
		LoadAssemblies (917ms)
		RebuildTransferFunctionScriptingTraits (0ms)
		AnalyzeDomain (56ms)
			TypeCache.Refresh (14ms)
				TypeCache.ScanAssembly (0ms)
			ScanForSourceGeneratedMonoScriptInfo (0ms)
			ResolveRequiredComponents (40ms)
	FinalizeReload (6258ms)
		ReleaseScriptCaches (0ms)
		RebuildScriptCaches (0ms)
		SetupLoadedEditorAssemblies (1918ms)
			LogAssemblyErrors (0ms)
			InitializePlatformSupportModulesInManaged (32ms)
			SetLoadedEditorAssemblies (10ms)
			RefreshPlugins (0ms)
			BeforeProcessingInitializeOnLoad (325ms)
			ProcessInitializeOnLoadAttributes (1202ms)
			ProcessInitializeOnLoadMethodAttributes (304ms)
			AfterProcessingInitializeOnLoad (43ms)
			EditorAssembliesLoaded (1ms)
		ExecutionOrderSort2 (0ms)
		AwakeInstancesAfterBackupRestoration (61ms)
Refreshing native plugins compatible for Editor in 28.16 ms, found 4 plugins.
Preloading 0 native plugins for Editor in 0.00 ms.
Unloading 5947 Unused Serialized files (Serialized files now loaded: 0)
Unloading 66 unused Assets / (1.8 MB). Loaded Objects now: 6617.
Memory consumption went from 206.3 MB to 204.5 MB.
Total: 10.179500 ms (FindLiveObjects: 0.738100 ms CreateObjectMapping: 0.486900 ms MarkObjects: 7.587600 ms  DeleteObjects: 1.363000 ms)

Prepare: number of updated asset objects reloaded= 2
AssetImportParameters requested are different than current active one (requested -> active):
  custom:container-demuxer-ogg: 62fdf1f143b41e24485cea50d1cbac27 -> 
  custom:video-codec-MediaFoundation-h265: 746d11721c4dcdbdad8f713fa42b33f4 -> 
  custom:video-decoder-ogg-theora: a1e56fd34408186e4bbccfd4996cb3dc -> 
  custom:framework-win-MediaFoundation: 216162199b28c13a410421893ffa2e32 -> 
  custom:CustomObjectIndexerAttribute: d54d2f2da18e7612c182cf67624b6b12 -> 
  custom:container-demuxer-webm: 4f35f7cbe854078d1ac9338744f61a02 -> 
  custom:container-muxer-webm: aa71ff27fc2769a1b78a27578f13a17b -> 
  custom:video-decoder-webm-vp8: 9c59270c3fd7afecdb556c50c9e8de78 -> 
  custom:SearchIndexIgnoredProperties: e643bd26f0fe6173181afceb89e7c659 -> 
  custom:AudioImporter_EditorPlatform: d09bf68614088b80899f8185d706f6e7 -> 
  custom:scripting/monoscript/fileName/RuleTile.cs: f5f493643c39cafead8f05df075b38cf -> 5b978741c52b97f232dcc85b0f945a21
  custom:video-encoder-webm-vp8: eb34c28f22e8b96e1ab97ce403110664 -> 
  custom:audio-decoder-ogg-vorbis: bf7c407c2cedff20999df2af8eb42d56 -> 
  custom:audio-encoder-webm-vorbis: bf7c407c2cedff20999df2af8eb42d56 -> 
========================================================================
Received Prepare
Begin MonoManager ReloadAssembly
- Loaded All Assemblies, in  0.946 seconds
Refreshing native plugins compatible for Editor in 10.66 ms, found 4 plugins.
Native extension for WindowsStandalone target not found
Native extension for WebGL target not found
[Package Manager] Server::EnsureServerProcessIsRunning -- launch failed, reason: Unity was launched with the -noUpm command-line argument
[Package Manager] UpmClient::Send -- Unable to send message (not connected to UPM process).
[Package Manager] Cannot connect to Unity Package Manager local server
Mono: successfully reloaded assembly
- Finished resetting the current domain, in  3.897 seconds
Domain Reload Profiling: 4832ms
	BeginReloadAssembly (319ms)
		ExecutionOrderSort (0ms)
		DisableScriptedObjects (20ms)
		BackupInstance (0ms)
		ReleaseScriptingObjects (0ms)
		CreateAndSetChildDomain (72ms)
	RebuildCommonClasses (63ms)
	RebuildNativeTypeToScriptingClass (21ms)
	initialDomainReloadingComplete (58ms)
	LoadAllAssembliesAndSetupDomain (475ms)
		LoadAssemblies (615ms)
		RebuildTransferFunctionScriptingTraits (0ms)
		AnalyzeDomain (34ms)
			TypeCache.Refresh (13ms)
				TypeCache.ScanAssembly (0ms)
			ScanForSourceGeneratedMonoScriptInfo (0ms)
			ResolveRequiredComponents (20ms)
	FinalizeReload (3898ms)
		ReleaseScriptCaches (0ms)
		RebuildScriptCaches (0ms)
		SetupLoadedEditorAssemblies (1563ms)
			LogAssemblyErrors (0ms)
			InitializePlatformSupportModulesInManaged (23ms)
			SetLoadedEditorAssemblies (10ms)
			RefreshPlugins (0ms)
			BeforeProcessingInitializeOnLoad (264ms)
			ProcessInitializeOnLoadAttributes (1023ms)
			ProcessInitializeOnLoadMethodAttributes (219ms)
			AfterProcessingInitializeOnLoad (22ms)
			EditorAssembliesLoaded (1ms)
		ExecutionOrderSort2 (0ms)
		AwakeInstancesAfterBackupRestoration (44ms)
Refreshing native plugins compatible for Editor in 26.10 ms, found 4 plugins.
Preloading 0 native plugins for Editor in 0.00 ms.
Unloading 5947 Unused Serialized files (Serialized files now loaded: 0)
Unloading 66 unused Assets / (1.8 MB). Loaded Objects now: 6636.
Memory consumption went from 206.3 MB to 204.5 MB.
Total: 10.902400 ms (FindLiveObjects: 1.244500 ms CreateObjectMapping: 0.825800 ms MarkObjects: 7.877900 ms  DeleteObjects: 0.950600 ms)

Prepare: number of updated asset objects reloaded= 0
AssetImportParameters requested are different than current active one (requested -> active):
  custom:container-demuxer-ogg: 62fdf1f143b41e24485cea50d1cbac27 -> 
  custom:video-codec-MediaFoundation-h265: 746d11721c4dcdbdad8f713fa42b33f4 -> 
  custom:video-decoder-ogg-theora: a1e56fd34408186e4bbccfd4996cb3dc -> 
  custom:framework-win-MediaFoundation: 216162199b28c13a410421893ffa2e32 -> 
  custom:CustomObjectIndexerAttribute: d54d2f2da18e7612c182cf67624b6b12 -> 
  custom:container-demuxer-webm: 4f35f7cbe854078d1ac9338744f61a02 -> 
  custom:container-muxer-webm: aa71ff27fc2769a1b78a27578f13a17b -> 
  custom:video-decoder-webm-vp8: 9c59270c3fd7afecdb556c50c9e8de78 -> 
  custom:SearchIndexIgnoredProperties: e643bd26f0fe6173181afceb89e7c659 -> 
  custom:AudioImporter_EditorPlatform: d09bf68614088b80899f8185d706f6e7 -> 
  custom:scripting/monoscript/fileName/RuleTile.cs: f5f493643c39cafead8f05df075b38cf -> 5b978741c52b97f232dcc85b0f945a21
  custom:video-encoder-webm-vp8: eb34c28f22e8b96e1ab97ce403110664 -> 
  custom:audio-decoder-ogg-vorbis: bf7c407c2cedff20999df2af8eb42d56 -> 
  custom:audio-encoder-webm-vorbis: bf7c407c2cedff20999df2af8eb42d56 -> 
========================================================================
Received Prepare
Begin MonoManager ReloadAssembly
- Loaded All Assemblies, in  1.395 seconds
Refreshing native plugins compatible for Editor in 10.89 ms, found 4 plugins.
Native extension for WindowsStandalone target not found
Native extension for WebGL target not found
[Package Manager] Server::EnsureServerProcessIsRunning -- launch failed, reason: Unity was launched with the -noUpm command-line argument
[Package Manager] UpmClient::Send -- Unable to send message (not connected to UPM process).
[Package Manager] Cannot connect to Unity Package Manager local server
Mono: successfully reloaded assembly
- Finished resetting the current domain, in  5.662 seconds
Domain Reload Profiling: 7040ms
	BeginReloadAssembly (365ms)
		ExecutionOrderSort (0ms)
		DisableScriptedObjects (17ms)
		BackupInstance (0ms)
		ReleaseScriptingObjects (0ms)
		CreateAndSetChildDomain (100ms)
	RebuildCommonClasses (118ms)
	RebuildNativeTypeToScriptingClass (41ms)
	initialDomainReloadingComplete (132ms)
	LoadAllAssembliesAndSetupDomain (721ms)
		LoadAssemblies (855ms)
		RebuildTransferFunctionScriptingTraits (0ms)
		AnalyzeDomain (46ms)
			TypeCache.Refresh (11ms)
				TypeCache.ScanAssembly (0ms)
			ScanForSourceGeneratedMonoScriptInfo (0ms)
			ResolveRequiredComponents (32ms)
	FinalizeReload (5664ms)
		ReleaseScriptCaches (0ms)
		RebuildScriptCaches (0ms)
		SetupLoadedEditorAssemblies (2289ms)
			LogAssemblyErrors (0ms)
			InitializePlatformSupportModulesInManaged (24ms)
			SetLoadedEditorAssemblies (10ms)
			RefreshPlugins (0ms)
			BeforeProcessingInitializeOnLoad (290ms)
			ProcessInitializeOnLoadAttributes (1498ms)
			ProcessInitializeOnLoadMethodAttributes (413ms)
			AfterProcessingInitializeOnLoad (53ms)
			EditorAssembliesLoaded (2ms)
		ExecutionOrderSort2 (0ms)
		AwakeInstancesAfterBackupRestoration (63ms)
Refreshing native plugins compatible for Editor in 49.73 ms, found 4 plugins.
Preloading 0 native plugins for Editor in 0.00 ms.
Unloading 5947 Unused Serialized files (Serialized files now loaded: 0)
Unloading 66 unused Assets / (1.8 MB). Loaded Objects now: 6653.
Memory consumption went from 206.2 MB to 204.4 MB.
Total: 15.322200 ms (FindLiveObjects: 1.120600 ms CreateObjectMapping: 1.050300 ms MarkObjects: 12.034700 ms  DeleteObjects: 1.112700 ms)

Prepare: number of updated asset objects reloaded= 0
AssetImportParameters requested are different than current active one (requested -> active):
  custom:container-demuxer-ogg: 62fdf1f143b41e24485cea50d1cbac27 -> 
  custom:video-codec-MediaFoundation-h265: 746d11721c4dcdbdad8f713fa42b33f4 -> 
  custom:video-decoder-ogg-theora: a1e56fd34408186e4bbccfd4996cb3dc -> 
  custom:framework-win-MediaFoundation: 216162199b28c13a410421893ffa2e32 -> 
  custom:CustomObjectIndexerAttribute: d54d2f2da18e7612c182cf67624b6b12 -> 
  custom:container-demuxer-webm: 4f35f7cbe854078d1ac9338744f61a02 -> 
  custom:container-muxer-webm: aa71ff27fc2769a1b78a27578f13a17b -> 
  custom:video-decoder-webm-vp8: 9c59270c3fd7afecdb556c50c9e8de78 -> 
  custom:SearchIndexIgnoredProperties: e643bd26f0fe6173181afceb89e7c659 -> 
  custom:AudioImporter_EditorPlatform: d09bf68614088b80899f8185d706f6e7 -> 
  custom:scripting/monoscript/fileName/RuleTile.cs: f5f493643c39cafead8f05df075b38cf -> 5b978741c52b97f232dcc85b0f945a21
  custom:video-encoder-webm-vp8: eb34c28f22e8b96e1ab97ce403110664 -> 
  custom:audio-decoder-ogg-vorbis: bf7c407c2cedff20999df2af8eb42d56 -> 
  custom:audio-encoder-webm-vorbis: bf7c407c2cedff20999df2af8eb42d56 -> 
========================================================================
Received Prepare
Begin MonoManager ReloadAssembly
- Loaded All Assemblies, in  1.010 seconds
Refreshing native plugins compatible for Editor in 11.08 ms, found 4 plugins.
Native extension for WindowsStandalone target not found
Native extension for WebGL target not found
[Package Manager] Server::EnsureServerProcessIsRunning -- launch failed, reason: Unity was launched with the -noUpm command-line argument
[Package Manager] UpmClient::Send -- Unable to send message (not connected to UPM process).
[Package Manager] Cannot connect to Unity Package Manager local server
Mono: successfully reloaded assembly
- Finished resetting the current domain, in  3.905 seconds
Domain Reload Profiling: 4902ms
	BeginReloadAssembly (344ms)
		ExecutionOrderSort (0ms)
		DisableScriptedObjects (22ms)
		BackupInstance (0ms)
		ReleaseScriptingObjects (0ms)
		CreateAndSetChildDomain (72ms)
	RebuildCommonClasses (71ms)
	RebuildNativeTypeToScriptingClass (23ms)
	initialDomainReloadingComplete (68ms)
	LoadAllAssembliesAndSetupDomain (492ms)
		LoadAssemblies (633ms)
		RebuildTransferFunctionScriptingTraits (0ms)
		AnalyzeDomain (40ms)
			TypeCache.Refresh (9ms)
				TypeCache.ScanAssembly (0ms)
			ScanForSourceGeneratedMonoScriptInfo (0ms)
			ResolveRequiredComponents (29ms)
	FinalizeReload (3905ms)
		ReleaseScriptCaches (0ms)
		RebuildScriptCaches (0ms)
		SetupLoadedEditorAssemblies (1121ms)
			LogAssemblyErrors (0ms)
			InitializePlatformSupportModulesInManaged (14ms)
			SetLoadedEditorAssemblies (6ms)
			RefreshPlugins (0ms)
			BeforeProcessingInitializeOnLoad (162ms)
			ProcessInitializeOnLoadAttributes (779ms)
			ProcessInitializeOnLoadMethodAttributes (147ms)
			AfterProcessingInitializeOnLoad (13ms)
			EditorAssembliesLoaded (1ms)
		ExecutionOrderSort2 (0ms)
		AwakeInstancesAfterBackupRestoration (25ms)
Refreshing native plugins compatible for Editor in 18.95 ms, found 4 plugins.
Preloading 0 native plugins for Editor in 0.00 ms.
Unloading 5947 Unused Serialized files (Serialized files now loaded: 0)
Unloading 66 unused Assets / (1.8 MB). Loaded Objects now: 6670.
Memory consumption went from 206.2 MB to 204.4 MB.
Total: 10.787100 ms (FindLiveObjects: 0.827300 ms CreateObjectMapping: 0.687500 ms MarkObjects: 8.623800 ms  DeleteObjects: 0.646800 ms)

Prepare: number of updated asset objects reloaded= 0
AssetImportParameters requested are different than current active one (requested -> active):
  custom:container-demuxer-ogg: 62fdf1f143b41e24485cea50d1cbac27 -> 
  custom:video-codec-MediaFoundation-h265: 746d11721c4dcdbdad8f713fa42b33f4 -> 
  custom:video-decoder-ogg-theora: a1e56fd34408186e4bbccfd4996cb3dc -> 
  custom:framework-win-MediaFoundation: 216162199b28c13a410421893ffa2e32 -> 
  custom:CustomObjectIndexerAttribute: d54d2f2da18e7612c182cf67624b6b12 -> 
  custom:container-demuxer-webm: 4f35f7cbe854078d1ac9338744f61a02 -> 
  custom:container-muxer-webm: aa71ff27fc2769a1b78a27578f13a17b -> 
  custom:video-decoder-webm-vp8: 9c59270c3fd7afecdb556c50c9e8de78 -> 
  custom:SearchIndexIgnoredProperties: e643bd26f0fe6173181afceb89e7c659 -> 
  custom:AudioImporter_EditorPlatform: d09bf68614088b80899f8185d706f6e7 -> 
  custom:scripting/monoscript/fileName/RuleTile.cs: f5f493643c39cafead8f05df075b38cf -> 5b978741c52b97f232dcc85b0f945a21
  custom:video-encoder-webm-vp8: eb34c28f22e8b96e1ab97ce403110664 -> 
  custom:audio-decoder-ogg-vorbis: bf7c407c2cedff20999df2af8eb42d56 -> 
  custom:audio-encoder-webm-vorbis: bf7c407c2cedff20999df2af8eb42d56 -> 
========================================================================
Received Prepare
Begin MonoManager ReloadAssembly
- Loaded All Assemblies, in  0.820 seconds
Refreshing native plugins compatible for Editor in 13.35 ms, found 4 plugins.
Native extension for WindowsStandalone target not found
Native extension for WebGL target not found
[Package Manager] Server::EnsureServerProcessIsRunning -- launch failed, reason: Unity was launched with the -noUpm command-line argument
[Package Manager] UpmClient::Send -- Unable to send message (not connected to UPM process).
[Package Manager] Cannot connect to Unity Package Manager local server
Mono: successfully reloaded assembly
- Finished resetting the current domain, in  3.911 seconds
Domain Reload Profiling: 4721ms
	BeginReloadAssembly (301ms)
		ExecutionOrderSort (0ms)
		DisableScriptedObjects (20ms)
		BackupInstance (0ms)
		ReleaseScriptingObjects (0ms)
		CreateAndSetChildDomain (75ms)
	RebuildCommonClasses (64ms)
	RebuildNativeTypeToScriptingClass (22ms)
	initialDomainReloadingComplete (64ms)
	LoadAllAssembliesAndSetupDomain (357ms)
		LoadAssemblies (486ms)
		RebuildTransferFunctionScriptingTraits (0ms)
		AnalyzeDomain (26ms)
			TypeCache.Refresh (9ms)
				TypeCache.ScanAssembly (0ms)
			ScanForSourceGeneratedMonoScriptInfo (0ms)
			ResolveRequiredComponents (15ms)
	FinalizeReload (3912ms)
		ReleaseScriptCaches (0ms)
		RebuildScriptCaches (0ms)
		SetupLoadedEditorAssemblies (1751ms)
			LogAssemblyErrors (0ms)
			InitializePlatformSupportModulesInManaged (34ms)
			SetLoadedEditorAssemblies (11ms)
			RefreshPlugins (0ms)
			BeforeProcessingInitializeOnLoad (307ms)
			ProcessInitializeOnLoadAttributes (1129ms)
			ProcessInitializeOnLoadMethodAttributes (240ms)
			AfterProcessingInitializeOnLoad (29ms)
			EditorAssembliesLoaded (1ms)
		ExecutionOrderSort2 (0ms)
		AwakeInstancesAfterBackupRestoration (54ms)
Refreshing native plugins compatible for Editor in 18.34 ms, found 4 plugins.
Preloading 0 native plugins for Editor in 0.00 ms.
Unloading 5947 Unused Serialized files (Serialized files now loaded: 0)
Unloading 66 unused Assets / (1.8 MB). Loaded Objects now: 6687.
Memory consumption went from 206.2 MB to 204.4 MB.
Total: 10.816100 ms (FindLiveObjects: 0.816900 ms CreateObjectMapping: 1.198900 ms MarkObjects: 7.840900 ms  DeleteObjects: 0.956200 ms)

Prepare: number of updated asset objects reloaded= 0
AssetImportParameters requested are different than current active one (requested -> active):
  custom:container-demuxer-ogg: 62fdf1f143b41e24485cea50d1cbac27 -> 
  custom:video-codec-MediaFoundation-h265: 746d11721c4dcdbdad8f713fa42b33f4 -> 
  custom:video-decoder-ogg-theora: a1e56fd34408186e4bbccfd4996cb3dc -> 
  custom:framework-win-MediaFoundation: 216162199b28c13a410421893ffa2e32 -> 
  custom:CustomObjectIndexerAttribute: d54d2f2da18e7612c182cf67624b6b12 -> 
  custom:container-demuxer-webm: 4f35f7cbe854078d1ac9338744f61a02 -> 
  custom:container-muxer-webm: aa71ff27fc2769a1b78a27578f13a17b -> 
  custom:video-decoder-webm-vp8: 9c59270c3fd7afecdb556c50c9e8de78 -> 
  custom:SearchIndexIgnoredProperties: e643bd26f0fe6173181afceb89e7c659 -> 
  custom:AudioImporter_EditorPlatform: d09bf68614088b80899f8185d706f6e7 -> 
  custom:scripting/monoscript/fileName/RuleTile.cs: f5f493643c39cafead8f05df075b38cf -> 5b978741c52b97f232dcc85b0f945a21
  custom:video-encoder-webm-vp8: eb34c28f22e8b96e1ab97ce403110664 -> 
  custom:audio-decoder-ogg-vorbis: bf7c407c2cedff20999df2af8eb42d56 -> 
  custom:audio-encoder-webm-vorbis: bf7c407c2cedff20999df2af8eb42d56 -> 
========================================================================
Received Prepare
Begin MonoManager ReloadAssembly
- Loaded All Assemblies, in  1.033 seconds
Refreshing native plugins compatible for Editor in 9.12 ms, found 4 plugins.
Native extension for WindowsStandalone target not found
Native extension for WebGL target not found
[Package Manager] Server::EnsureServerProcessIsRunning -- launch failed, reason: Unity was launched with the -noUpm command-line argument
[Package Manager] UpmClient::Send -- Unable to send message (not connected to UPM process).
[Package Manager] Cannot connect to Unity Package Manager local server
Mono: successfully reloaded assembly
- Finished resetting the current domain, in  6.537 seconds
Domain Reload Profiling: 7563ms
	BeginReloadAssembly (379ms)
		ExecutionOrderSort (0ms)
		DisableScriptedObjects (22ms)
		BackupInstance (0ms)
		ReleaseScriptingObjects (0ms)
		CreateAndSetChildDomain (83ms)
	RebuildCommonClasses (66ms)
	RebuildNativeTypeToScriptingClass (26ms)
	initialDomainReloadingComplete (66ms)
	LoadAllAssembliesAndSetupDomain (487ms)
		LoadAssemblies (654ms)
		RebuildTransferFunctionScriptingTraits (0ms)
		AnalyzeDomain (36ms)
			TypeCache.Refresh (10ms)
				TypeCache.ScanAssembly (0ms)
			ScanForSourceGeneratedMonoScriptInfo (0ms)
			ResolveRequiredComponents (24ms)
	FinalizeReload (6539ms)
		ReleaseScriptCaches (0ms)
		RebuildScriptCaches (0ms)
		SetupLoadedEditorAssemblies (2678ms)
			LogAssemblyErrors (0ms)
			InitializePlatformSupportModulesInManaged (28ms)
			SetLoadedEditorAssemblies (9ms)
			RefreshPlugins (0ms)
			BeforeProcessingInitializeOnLoad (373ms)
			ProcessInitializeOnLoadAttributes (1807ms)
			ProcessInitializeOnLoadMethodAttributes (375ms)
			AfterProcessingInitializeOnLoad (85ms)
			EditorAssembliesLoaded (1ms)
		ExecutionOrderSort2 (0ms)
		AwakeInstancesAfterBackupRestoration (65ms)
Refreshing native plugins compatible for Editor in 29.60 ms, found 4 plugins.
Preloading 0 native plugins for Editor in 0.00 ms.
Unloading 5947 Unused Serialized files (Serialized files now loaded: 0)
Unloading 66 unused Assets / (1.8 MB). Loaded Objects now: 6704.
Memory consumption went from 206.2 MB to 204.5 MB.
Total: 9.110700 ms (FindLiveObjects: 0.634400 ms CreateObjectMapping: 0.413500 ms MarkObjects: 7.428600 ms  DeleteObjects: 0.630600 ms)

Prepare: number of updated asset objects reloaded= 0
AssetImportParameters requested are different than current active one (requested -> active):
  custom:container-demuxer-ogg: 62fdf1f143b41e24485cea50d1cbac27 -> 
  custom:video-codec-MediaFoundation-h265: 746d11721c4dcdbdad8f713fa42b33f4 -> 
  custom:video-decoder-ogg-theora: a1e56fd34408186e4bbccfd4996cb3dc -> 
  custom:framework-win-MediaFoundation: 216162199b28c13a410421893ffa2e32 -> 
  custom:CustomObjectIndexerAttribute: d54d2f2da18e7612c182cf67624b6b12 -> 
  custom:container-demuxer-webm: 4f35f7cbe854078d1ac9338744f61a02 -> 
  custom:container-muxer-webm: aa71ff27fc2769a1b78a27578f13a17b -> 
  custom:video-decoder-webm-vp8: 9c59270c3fd7afecdb556c50c9e8de78 -> 
  custom:SearchIndexIgnoredProperties: e643bd26f0fe6173181afceb89e7c659 -> 
  custom:AudioImporter_EditorPlatform: d09bf68614088b80899f8185d706f6e7 -> 
  custom:scripting/monoscript/fileName/RuleTile.cs: f5f493643c39cafead8f05df075b38cf -> 5b978741c52b97f232dcc85b0f945a21
  custom:video-encoder-webm-vp8: eb34c28f22e8b96e1ab97ce403110664 -> 
  custom:audio-decoder-ogg-vorbis: bf7c407c2cedff20999df2af8eb42d56 -> 
  custom:audio-encoder-webm-vorbis: bf7c407c2cedff20999df2af8eb42d56 -> 
========================================================================
Received Prepare
Begin MonoManager ReloadAssembly
- Loaded All Assemblies, in  0.843 seconds
Refreshing native plugins compatible for Editor in 10.90 ms, found 4 plugins.
Native extension for WindowsStandalone target not found
Native extension for WebGL target not found
[Package Manager] Server::EnsureServerProcessIsRunning -- launch failed, reason: Unity was launched with the -noUpm command-line argument
[Package Manager] UpmClient::Send -- Unable to send message (not connected to UPM process).
[Package Manager] Cannot connect to Unity Package Manager local server
Mono: successfully reloaded assembly
- Finished resetting the current domain, in  4.633 seconds
Domain Reload Profiling: 5467ms
	BeginReloadAssembly (289ms)
		ExecutionOrderSort (0ms)
		DisableScriptedObjects (15ms)
		BackupInstance (0ms)
		ReleaseScriptingObjects (0ms)
		CreateAndSetChildDomain (64ms)
	RebuildCommonClasses (48ms)
	RebuildNativeTypeToScriptingClass (20ms)
	initialDomainReloadingComplete (65ms)
	LoadAllAssembliesAndSetupDomain (409ms)
		LoadAssemblies (536ms)
		RebuildTransferFunctionScriptingTraits (0ms)
		AnalyzeDomain (34ms)
			TypeCache.Refresh (10ms)
				TypeCache.ScanAssembly (0ms)
			ScanForSourceGeneratedMonoScriptInfo (0ms)
			ResolveRequiredComponents (22ms)
	FinalizeReload (4636ms)
		ReleaseScriptCaches (0ms)
		RebuildScriptCaches (0ms)
		SetupLoadedEditorAssemblies (2006ms)
			LogAssemblyErrors (0ms)
			InitializePlatformSupportModulesInManaged (65ms)
			SetLoadedEditorAssemblies (10ms)
			RefreshPlugins (0ms)
			BeforeProcessingInitializeOnLoad (292ms)
			ProcessInitializeOnLoadAttributes (1281ms)
			ProcessInitializeOnLoadMethodAttributes (308ms)
			AfterProcessingInitializeOnLoad (48ms)
			EditorAssembliesLoaded (2ms)
		ExecutionOrderSort2 (0ms)
		AwakeInstancesAfterBackupRestoration (84ms)
Refreshing native plugins compatible for Editor in 24.20 ms, found 4 plugins.
Preloading 0 native plugins for Editor in 0.00 ms.
Unloading 5947 Unused Serialized files (Serialized files now loaded: 0)
Unloading 66 unused Assets / (1.8 MB). Loaded Objects now: 6721.
Memory consumption went from 206.3 MB to 204.5 MB.
Total: 10.796400 ms (FindLiveObjects: 1.102000 ms CreateObjectMapping: 0.945300 ms MarkObjects: 7.741100 ms  DeleteObjects: 1.005000 ms)

Prepare: number of updated asset objects reloaded= 0
AssetImportParameters requested are different than current active one (requested -> active):
  custom:container-demuxer-ogg: 62fdf1f143b41e24485cea50d1cbac27 -> 
  custom:video-codec-MediaFoundation-h265: 746d11721c4dcdbdad8f713fa42b33f4 -> 
  custom:video-decoder-ogg-theora: a1e56fd34408186e4bbccfd4996cb3dc -> 
  custom:framework-win-MediaFoundation: 216162199b28c13a410421893ffa2e32 -> 
  custom:CustomObjectIndexerAttribute: d54d2f2da18e7612c182cf67624b6b12 -> 
  custom:container-demuxer-webm: 4f35f7cbe854078d1ac9338744f61a02 -> 
  custom:container-muxer-webm: aa71ff27fc2769a1b78a27578f13a17b -> 
  custom:video-decoder-webm-vp8: 9c59270c3fd7afecdb556c50c9e8de78 -> 
  custom:SearchIndexIgnoredProperties: e643bd26f0fe6173181afceb89e7c659 -> 
  custom:AudioImporter_EditorPlatform: d09bf68614088b80899f8185d706f6e7 -> 
  custom:scripting/monoscript/fileName/RuleTile.cs: f5f493643c39cafead8f05df075b38cf -> 5b978741c52b97f232dcc85b0f945a21
  custom:video-encoder-webm-vp8: eb34c28f22e8b96e1ab97ce403110664 -> 
  custom:audio-decoder-ogg-vorbis: bf7c407c2cedff20999df2af8eb42d56 -> 
  custom:audio-encoder-webm-vorbis: bf7c407c2cedff20999df2af8eb42d56 -> 
========================================================================
Received Prepare
Begin MonoManager ReloadAssembly
- Loaded All Assemblies, in  0.977 seconds
Refreshing native plugins compatible for Editor in 14.24 ms, found 4 plugins.
Native extension for WindowsStandalone target not found
Native extension for WebGL target not found
[Package Manager] Server::EnsureServerProcessIsRunning -- launch failed, reason: Unity was launched with the -noUpm command-line argument
[Package Manager] UpmClient::Send -- Unable to send message (not connected to UPM process).
[Package Manager] Cannot connect to Unity Package Manager local server
Mono: successfully reloaded assembly
- Finished resetting the current domain, in  3.616 seconds
Domain Reload Profiling: 4585ms
	BeginReloadAssembly (338ms)
		ExecutionOrderSort (0ms)
		DisableScriptedObjects (19ms)
		BackupInstance (0ms)
		ReleaseScriptingObjects (0ms)
		CreateAndSetChildDomain (70ms)
	RebuildCommonClasses (71ms)
	RebuildNativeTypeToScriptingClass (25ms)
	initialDomainReloadingComplete (65ms)
	LoadAllAssembliesAndSetupDomain (469ms)
		LoadAssemblies (613ms)
		RebuildTransferFunctionScriptingTraits (0ms)
		AnalyzeDomain (41ms)
			TypeCache.Refresh (11ms)
				TypeCache.ScanAssembly (0ms)
			ScanForSourceGeneratedMonoScriptInfo (0ms)
			ResolveRequiredComponents (28ms)
	FinalizeReload (3617ms)
		ReleaseScriptCaches (0ms)
		RebuildScriptCaches (0ms)
		SetupLoadedEditorAssemblies (1532ms)
			LogAssemblyErrors (0ms)
			InitializePlatformSupportModulesInManaged (17ms)
			SetLoadedEditorAssemblies (6ms)
			RefreshPlugins (0ms)
			BeforeProcessingInitializeOnLoad (224ms)
			ProcessInitializeOnLoadAttributes (1034ms)
			ProcessInitializeOnLoadMethodAttributes (235ms)
			AfterProcessingInitializeOnLoad (16ms)
			EditorAssembliesLoaded (1ms)
		ExecutionOrderSort2 (0ms)
		AwakeInstancesAfterBackupRestoration (38ms)
Refreshing native plugins compatible for Editor in 27.89 ms, found 4 plugins.
Preloading 0 native plugins for Editor in 0.00 ms.
Unloading 5947 Unused Serialized files (Serialized files now loaded: 0)
Unloading 66 unused Assets / (1.8 MB). Loaded Objects now: 6738.
Memory consumption went from 206.3 MB to 204.5 MB.
Total: 10.075700 ms (FindLiveObjects: 0.820300 ms CreateObjectMapping: 0.778800 ms MarkObjects: 7.520300 ms  DeleteObjects: 0.953400 ms)

Prepare: number of updated asset objects reloaded= 0
AssetImportParameters requested are different than current active one (requested -> active):
  custom:container-demuxer-ogg: 62fdf1f143b41e24485cea50d1cbac27 -> 
  custom:video-codec-MediaFoundation-h265: 746d11721c4dcdbdad8f713fa42b33f4 -> 
  custom:video-decoder-ogg-theora: a1e56fd34408186e4bbccfd4996cb3dc -> 
  custom:framework-win-MediaFoundation: 216162199b28c13a410421893ffa2e32 -> 
  custom:CustomObjectIndexerAttribute: d54d2f2da18e7612c182cf67624b6b12 -> 
  custom:container-demuxer-webm: 4f35f7cbe854078d1ac9338744f61a02 -> 
  custom:container-muxer-webm: aa71ff27fc2769a1b78a27578f13a17b -> 
  custom:video-decoder-webm-vp8: 9c59270c3fd7afecdb556c50c9e8de78 -> 
  custom:SearchIndexIgnoredProperties: e643bd26f0fe6173181afceb89e7c659 -> 
  custom:AudioImporter_EditorPlatform: d09bf68614088b80899f8185d706f6e7 -> 
  custom:scripting/monoscript/fileName/RuleTile.cs: f5f493643c39cafead8f05df075b38cf -> 5b978741c52b97f232dcc85b0f945a21
  custom:video-encoder-webm-vp8: eb34c28f22e8b96e1ab97ce403110664 -> 
  custom:audio-decoder-ogg-vorbis: bf7c407c2cedff20999df2af8eb42d56 -> 
  custom:audio-encoder-webm-vorbis: bf7c407c2cedff20999df2af8eb42d56 -> 
========================================================================
Received Prepare
Begin MonoManager ReloadAssembly
- Loaded All Assemblies, in  1.100 seconds
Refreshing native plugins compatible for Editor in 12.97 ms, found 4 plugins.
Native extension for WindowsStandalone target not found
Native extension for WebGL target not found
[Package Manager] Server::EnsureServerProcessIsRunning -- launch failed, reason: Unity was launched with the -noUpm command-line argument
[Package Manager] UpmClient::Send -- Unable to send message (not connected to UPM process).
[Package Manager] Cannot connect to Unity Package Manager local server
Mono: successfully reloaded assembly
- Finished resetting the current domain, in  4.263 seconds
Domain Reload Profiling: 5349ms
	BeginReloadAssembly (344ms)
		ExecutionOrderSort (0ms)
		DisableScriptedObjects (25ms)
		BackupInstance (0ms)
		ReleaseScriptingObjects (0ms)
		CreateAndSetChildDomain (67ms)
	RebuildCommonClasses (80ms)
	RebuildNativeTypeToScriptingClass (23ms)
	initialDomainReloadingComplete (70ms)
	LoadAllAssembliesAndSetupDomain (568ms)
		LoadAssemblies (713ms)
		RebuildTransferFunctionScriptingTraits (0ms)
		AnalyzeDomain (44ms)
			TypeCache.Refresh (10ms)
				TypeCache.ScanAssembly (0ms)
			ScanForSourceGeneratedMonoScriptInfo (0ms)
			ResolveRequiredComponents (32ms)
	FinalizeReload (4264ms)
		ReleaseScriptCaches (0ms)
		RebuildScriptCaches (0ms)
		SetupLoadedEditorAssemblies (1568ms)
			LogAssemblyErrors (0ms)
			InitializePlatformSupportModulesInManaged (25ms)
			SetLoadedEditorAssemblies (10ms)
			RefreshPlugins (0ms)
			BeforeProcessingInitializeOnLoad (249ms)
			ProcessInitializeOnLoadAttributes (1044ms)
			ProcessInitializeOnLoadMethodAttributes (214ms)
			AfterProcessingInitializeOnLoad (24ms)
			EditorAssembliesLoaded (1ms)
		ExecutionOrderSort2 (0ms)
		AwakeInstancesAfterBackupRestoration (46ms)
Refreshing native plugins compatible for Editor in 29.43 ms, found 4 plugins.
Preloading 0 native plugins for Editor in 0.00 ms.
Unloading 5947 Unused Serialized files (Serialized files now loaded: 0)
Unloading 66 unused Assets / (1.8 MB). Loaded Objects now: 6755.
Memory consumption went from 206.3 MB to 204.5 MB.
Total: 9.020500 ms (FindLiveObjects: 0.808800 ms CreateObjectMapping: 0.287500 ms MarkObjects: 7.016600 ms  DeleteObjects: 0.904900 ms)

Prepare: number of updated asset objects reloaded= 0
AssetImportParameters requested are different than current active one (requested -> active):
  custom:container-demuxer-ogg: 62fdf1f143b41e24485cea50d1cbac27 -> 
  custom:video-codec-MediaFoundation-h265: 746d11721c4dcdbdad8f713fa42b33f4 -> 
  custom:video-decoder-ogg-theora: a1e56fd34408186e4bbccfd4996cb3dc -> 
  custom:framework-win-MediaFoundation: 216162199b28c13a410421893ffa2e32 -> 
  custom:CustomObjectIndexerAttribute: d54d2f2da18e7612c182cf67624b6b12 -> 
  custom:container-demuxer-webm: 4f35f7cbe854078d1ac9338744f61a02 -> 
  custom:container-muxer-webm: aa71ff27fc2769a1b78a27578f13a17b -> 
  custom:video-decoder-webm-vp8: 9c59270c3fd7afecdb556c50c9e8de78 -> 
  custom:SearchIndexIgnoredProperties: e643bd26f0fe6173181afceb89e7c659 -> 
  custom:AudioImporter_EditorPlatform: d09bf68614088b80899f8185d706f6e7 -> 
  custom:scripting/monoscript/fileName/RuleTile.cs: f5f493643c39cafead8f05df075b38cf -> 5b978741c52b97f232dcc85b0f945a21
  custom:video-encoder-webm-vp8: eb34c28f22e8b96e1ab97ce403110664 -> 
  custom:audio-decoder-ogg-vorbis: bf7c407c2cedff20999df2af8eb42d56 -> 
  custom:audio-encoder-webm-vorbis: bf7c407c2cedff20999df2af8eb42d56 -> 
========================================================================
Received Prepare
Begin MonoManager ReloadAssembly
- Loaded All Assemblies, in  0.982 seconds
Refreshing native plugins compatible for Editor in 11.31 ms, found 4 plugins.
Native extension for WindowsStandalone target not found
Native extension for WebGL target not found
[Package Manager] Server::EnsureServerProcessIsRunning -- launch failed, reason: Unity was launched with the -noUpm command-line argument
[Package Manager] UpmClient::Send -- Unable to send message (not connected to UPM process).
[Package Manager] Cannot connect to Unity Package Manager local server
Mono: successfully reloaded assembly
- Finished resetting the current domain, in  3.809 seconds
Domain Reload Profiling: 4785ms
	BeginReloadAssembly (358ms)
		ExecutionOrderSort (0ms)
		DisableScriptedObjects (36ms)
		BackupInstance (0ms)
		ReleaseScriptingObjects (0ms)
		CreateAndSetChildDomain (80ms)
	RebuildCommonClasses (55ms)
	RebuildNativeTypeToScriptingClass (20ms)
	initialDomainReloadingComplete (52ms)
	LoadAllAssembliesAndSetupDomain (489ms)
		LoadAssemblies (619ms)
		RebuildTransferFunctionScriptingTraits (0ms)
		AnalyzeDomain (38ms)
			TypeCache.Refresh (11ms)
				TypeCache.ScanAssembly (0ms)
			ScanForSourceGeneratedMonoScriptInfo (0ms)
			ResolveRequiredComponents (25ms)
	FinalizeReload (3811ms)
		ReleaseScriptCaches (0ms)
		RebuildScriptCaches (0ms)
		SetupLoadedEditorAssemblies (1733ms)
			LogAssemblyErrors (0ms)
			InitializePlatformSupportModulesInManaged (27ms)
			SetLoadedEditorAssemblies (12ms)
			RefreshPlugins (0ms)
			BeforeProcessingInitializeOnLoad (294ms)
			ProcessInitializeOnLoadAttributes (1118ms)
			ProcessInitializeOnLoadMethodAttributes (256ms)
			AfterProcessingInitializeOnLoad (25ms)
			EditorAssembliesLoaded (1ms)
		ExecutionOrderSort2 (0ms)
		AwakeInstancesAfterBackupRestoration (47ms)
Refreshing native plugins compatible for Editor in 27.76 ms, found 4 plugins.
Preloading 0 native plugins for Editor in 0.00 ms.
Unloading 5947 Unused Serialized files (Serialized files now loaded: 0)
Unloading 66 unused Assets / (1.8 MB). Loaded Objects now: 6772.
Memory consumption went from 206.3 MB to 204.5 MB.
Total: 10.173400 ms (FindLiveObjects: 0.888200 ms CreateObjectMapping: 0.693000 ms MarkObjects: 7.631200 ms  DeleteObjects: 0.958200 ms)

Prepare: number of updated asset objects reloaded= 0
AssetImportParameters requested are different than current active one (requested -> active):
  custom:container-demuxer-ogg: 62fdf1f143b41e24485cea50d1cbac27 -> 
  custom:video-codec-MediaFoundation-h265: 746d11721c4dcdbdad8f713fa42b33f4 -> 
  custom:video-decoder-ogg-theora: a1e56fd34408186e4bbccfd4996cb3dc -> 
  custom:framework-win-MediaFoundation: 216162199b28c13a410421893ffa2e32 -> 
  custom:CustomObjectIndexerAttribute: d54d2f2da18e7612c182cf67624b6b12 -> 
  custom:container-demuxer-webm: 4f35f7cbe854078d1ac9338744f61a02 -> 
  custom:container-muxer-webm: aa71ff27fc2769a1b78a27578f13a17b -> 
  custom:video-decoder-webm-vp8: 9c59270c3fd7afecdb556c50c9e8de78 -> 
  custom:SearchIndexIgnoredProperties: e643bd26f0fe6173181afceb89e7c659 -> 
  custom:AudioImporter_EditorPlatform: d09bf68614088b80899f8185d706f6e7 -> 
  custom:scripting/monoscript/fileName/RuleTile.cs: f5f493643c39cafead8f05df075b38cf -> 5b978741c52b97f232dcc85b0f945a21
  custom:video-encoder-webm-vp8: eb34c28f22e8b96e1ab97ce403110664 -> 
  custom:audio-decoder-ogg-vorbis: bf7c407c2cedff20999df2af8eb42d56 -> 
  custom:audio-encoder-webm-vorbis: bf7c407c2cedff20999df2af8eb42d56 -> 
========================================================================
Received Prepare
Begin MonoManager ReloadAssembly
- Loaded All Assemblies, in  1.005 seconds
Refreshing native plugins compatible for Editor in 17.65 ms, found 4 plugins.
Native extension for WindowsStandalone target not found
Native extension for WebGL target not found
[Package Manager] Server::EnsureServerProcessIsRunning -- launch failed, reason: Unity was launched with the -noUpm command-line argument
[Package Manager] UpmClient::Send -- Unable to send message (not connected to UPM process).
[Package Manager] Cannot connect to Unity Package Manager local server
Mono: successfully reloaded assembly
- Finished resetting the current domain, in  4.270 seconds
Domain Reload Profiling: 5266ms
	BeginReloadAssembly (343ms)
		ExecutionOrderSort (0ms)
		DisableScriptedObjects (21ms)
		BackupInstance (0ms)
		ReleaseScriptingObjects (0ms)
		CreateAndSetChildDomain (67ms)
	RebuildCommonClasses (63ms)
	RebuildNativeTypeToScriptingClass (25ms)
	initialDomainReloadingComplete (53ms)
	LoadAllAssembliesAndSetupDomain (509ms)
		LoadAssemblies (662ms)
		RebuildTransferFunctionScriptingTraits (0ms)
		AnalyzeDomain (45ms)
			TypeCache.Refresh (13ms)
				TypeCache.ScanAssembly (0ms)
			ScanForSourceGeneratedMonoScriptInfo (0ms)
			ResolveRequiredComponents (30ms)
	FinalizeReload (4271ms)
		ReleaseScriptCaches (0ms)
		RebuildScriptCaches (0ms)
		SetupLoadedEditorAssemblies (1883ms)
			LogAssemblyErrors (0ms)
			InitializePlatformSupportModulesInManaged (28ms)
			SetLoadedEditorAssemblies (20ms)
			RefreshPlugins (0ms)
			BeforeProcessingInitializeOnLoad (373ms)
			ProcessInitializeOnLoadAttributes (1218ms)
			ProcessInitializeOnLoadMethodAttributes (221ms)
			AfterProcessingInitializeOnLoad (23ms)
			EditorAssembliesLoaded (1ms)
		ExecutionOrderSort2 (0ms)
		AwakeInstancesAfterBackupRestoration (49ms)
Refreshing native plugins compatible for Editor in 24.66 ms, found 4 plugins.
Preloading 0 native plugins for Editor in 0.00 ms.
Unloading 5947 Unused Serialized files (Serialized files now loaded: 0)
Unloading 66 unused Assets / (1.8 MB). Loaded Objects now: 6789.
Memory consumption went from 206.3 MB to 204.5 MB.
Total: 10.117200 ms (FindLiveObjects: 1.256100 ms CreateObjectMapping: 0.582300 ms MarkObjects: 7.132600 ms  DeleteObjects: 1.142500 ms)

Prepare: number of updated asset objects reloaded= 0
AssetImportParameters requested are different than current active one (requested -> active):
  custom:container-demuxer-ogg: 62fdf1f143b41e24485cea50d1cbac27 -> 
  custom:video-codec-MediaFoundation-h265: 746d11721c4dcdbdad8f713fa42b33f4 -> 
  custom:video-decoder-ogg-theora: a1e56fd34408186e4bbccfd4996cb3dc -> 
  custom:framework-win-MediaFoundation: 216162199b28c13a410421893ffa2e32 -> 
  custom:CustomObjectIndexerAttribute: d54d2f2da18e7612c182cf67624b6b12 -> 
  custom:container-demuxer-webm: 4f35f7cbe854078d1ac9338744f61a02 -> 
  custom:container-muxer-webm: aa71ff27fc2769a1b78a27578f13a17b -> 
  custom:video-decoder-webm-vp8: 9c59270c3fd7afecdb556c50c9e8de78 -> 
  custom:SearchIndexIgnoredProperties: e643bd26f0fe6173181afceb89e7c659 -> 
  custom:AudioImporter_EditorPlatform: d09bf68614088b80899f8185d706f6e7 -> 
  custom:scripting/monoscript/fileName/RuleTile.cs: f5f493643c39cafead8f05df075b38cf -> 5b978741c52b97f232dcc85b0f945a21
  custom:video-encoder-webm-vp8: eb34c28f22e8b96e1ab97ce403110664 -> 
  custom:audio-decoder-ogg-vorbis: bf7c407c2cedff20999df2af8eb42d56 -> 
  custom:audio-encoder-webm-vorbis: bf7c407c2cedff20999df2af8eb42d56 -> 
========================================================================
Received Import Request.
  Time since last request: 6052.820965 seconds.
  path: Assets/2DGamekit/Art/Materials/Environment/Stones.mat
  artifactKey: Guid(bcb80a583a572ac48b01610a0ae890be) Importer(815301076,1909f56bfc062723c751e8b465ee728b)
Start importing Assets/2DGamekit/Art/Materials/Environment/Stones.mat using Guid(bcb80a583a572ac48b01610a0ae890be) Importer(815301076,1909f56bfc062723c751e8b465ee728b)  -> (artifact id: '6f5fe622feb839045e52f639dc3dd2ec') in 0.887479 seconds
Number of updated asset objects reloaded before import = 0
Number of asset objects unloaded after import = 21
========================================================================
Received Import Request.
  Time since last request: 0.000074 seconds.
  path: Assets/2DGamekit/Art/Materials/UI/UIBlur.mat
  artifactKey: Guid(22715a55ad6388d419657130825b7b1b) Importer(815301076,1909f56bfc062723c751e8b465ee728b)
Start importing Assets/2DGamekit/Art/Materials/UI/UIBlur.mat using Guid(22715a55ad6388d419657130825b7b1b) Importer(815301076,1909f56bfc062723c751e8b465ee728b)  -> (artifact id: 'c6855334eabd393f284505d0e857fb4a') in 0.088316 seconds
Number of updated asset objects reloaded before import = 0
Number of asset objects unloaded after import = 2
========================================================================
Received Import Request.
  Time since last request: 0.808140 seconds.
  path: Assets/2DGamekit/Art/Materials/VFX/Environment/Water.mat
  artifactKey: Guid(624c40ef0ed0e5d49869af6904e69d29) Importer(815301076,1909f56bfc062723c751e8b465ee728b)
Start importing Assets/2DGamekit/Art/Materials/VFX/Environment/Water.mat using Guid(624c40ef0ed0e5d49869af6904e69d29) Importer(815301076,1909f56bfc062723c751e8b465ee728b)  -> (artifact id: '1b65c7ab8dc075faf98a1c35505e64cb') in 0.091147 seconds
Number of updated asset objects reloaded before import = 0
Number of asset objects unloaded after import = 4
========================================================================
Received Import Request.
  Time since last request: 0.000063 seconds.
  path: Assets/2DGamekit/Art/Materials/VFX/Environment/WaterDrops.mat
  artifactKey: Guid(28bc895e65d671446a2d0e1362fc5ef9) Importer(815301076,1909f56bfc062723c751e8b465ee728b)
Start importing Assets/2DGamekit/Art/Materials/VFX/Environment/WaterDrops.mat using Guid(28bc895e65d671446a2d0e1362fc5ef9) Importer(815301076,1909f56bfc062723c751e8b465ee728b)  -> (artifact id: '13dee4d00467a1c7aba3a715b4f909e9') in 0.455047 seconds
Number of updated asset objects reloaded before import = 0
Number of asset objects unloaded after import = 3
========================================================================
Received Import Request.
  Time since last request: 22.988958 seconds.
  path: Assets/2DGamekit/Utilities/Shaders/Shader_SwayingSprite.shadergraph
  artifactKey: Guid(1da0fa2b454d54741ac81473f58fede0) Importer(815301076,1909f56bfc062723c751e8b465ee728b)
Start importing Assets/2DGamekit/Utilities/Shaders/Shader_SwayingSprite.shadergraph using Guid(1da0fa2b454d54741ac81473f58fede0) Importer(815301076,1909f56bfc062723c751e8b465ee728b)  -> (artifact id: '4b2bdad532a33610a883638594e6e25a') in 0.813122 seconds
Number of updated asset objects reloaded before import = 0
Number of asset objects unloaded after import = 3
========================================================================
Received Import Request.
  Time since last request: 0.000045 seconds.
  path: Assets/2DGamekit/Utilities/Fonts/Rajdhani-Medium SDF.asset
  artifactKey: Guid(4f372c329adda324b8e34cc0e26c4cff) Importer(815301076,1909f56bfc062723c751e8b465ee728b)
Start importing Assets/2DGamekit/Utilities/Fonts/Rajdhani-Medium SDF.asset using Guid(4f372c329adda324b8e34cc0e26c4cff) Importer(815301076,1909f56bfc062723c751e8b465ee728b)  -> (artifact id: '151a20590dc6e6bb12cd37a1cb22db7d') in 0.240885 seconds
Number of updated asset objects reloaded before import = 0
Number of asset objects unloaded after import = 5
========================================================================
Received Import Request.
  Time since last request: 0.000071 seconds.
  path: Assets/2DGamekit/Art/Materials/VFX/Environment/Rubble.mat
  artifactKey: Guid(46c61ab9b891cbf4880e1100a2acb83a) Importer(815301076,1909f56bfc062723c751e8b465ee728b)
Start importing Assets/2DGamekit/Art/Materials/VFX/Environment/Rubble.mat using Guid(46c61ab9b891cbf4880e1100a2acb83a) Importer(815301076,1909f56bfc062723c751e8b465ee728b)  -> (artifact id: 'ff5966f699e61db1444b8f2cd8f46ec4') in 0.565527 seconds
Number of updated asset objects reloaded before import = 0
Number of asset objects unloaded after import = 2
========================================================================
Received Import Request.
  Time since last request: 0.856620 seconds.
  path: Assets/2DGamekit/Art/Materials/Interactables/PlatformDetail.mat
  artifactKey: Guid(de4e33323977bc043b58b7c1654f66da) Importer(815301076,1909f56bfc062723c751e8b465ee728b)
Start importing Assets/2DGamekit/Art/Materials/Interactables/PlatformDetail.mat using Guid(de4e33323977bc043b58b7c1654f66da) Importer(815301076,1909f56bfc062723c751e8b465ee728b)  -> (artifact id: '841ab294c22cd598ea53dbb7134151b7') in 0.028636 seconds
Number of updated asset objects reloaded before import = 0
Number of asset objects unloaded after import = 2
========================================================================
Received Import Request.
  Time since last request: 0.078129 seconds.
  path: Assets/2DGamekit/Art/Materials/Environment/PlantSwaySmall.mat
  artifactKey: Guid(374d7f63afc657a4c9d23f2bd36fa5f1) Importer(815301076,1909f56bfc062723c751e8b465ee728b)
Start importing Assets/2DGamekit/Art/Materials/Environment/PlantSwaySmall.mat using Guid(374d7f63afc657a4c9d23f2bd36fa5f1) Importer(815301076,1909f56bfc062723c751e8b465ee728b)  -> (artifact id: '112238bba2a37e6546e8c43ceb2de3c2') in 0.066439 seconds
Number of updated asset objects reloaded before import = 0
Number of asset objects unloaded after import = 3
========================================================================
Received Import Request.
  Time since last request: 0.532248 seconds.
  path: Assets/2DGamekit/Art/Materials/VFX/Environment/ParticleSparks.mat
  artifactKey: Guid(b28db239726789346a2151c36e0f98a0) Importer(815301076,1909f56bfc062723c751e8b465ee728b)
Start importing Assets/2DGamekit/Art/Materials/VFX/Environment/ParticleSparks.mat using Guid(b28db239726789346a2151c36e0f98a0) Importer(815301076,1909f56bfc062723c751e8b465ee728b)  -> (artifact id: '16102b68050ff22224152577192a6762') in 0.108944 seconds
Number of updated asset objects reloaded before import = 0
Number of asset objects unloaded after import = 3
========================================================================
Received Import Request.
  Time since last request: 0.540496 seconds.
  path: Assets/2DGamekit/Art/Materials/VFX/Environment/ParticleAcidBubbles.mat
  artifactKey: Guid(16194fae16baf814d95567a14a521d5d) Importer(815301076,1909f56bfc062723c751e8b465ee728b)
Start importing Assets/2DGamekit/Art/Materials/VFX/Environment/ParticleAcidBubbles.mat using Guid(16194fae16baf814d95567a14a521d5d) Importer(815301076,1909f56bfc062723c751e8b465ee728b)  -> (artifact id: '46ad57f102b29645b632121af6fcb666') in 0.178569 seconds
Number of updated asset objects reloaded before import = 0
Number of asset objects unloaded after import = 3
========================================================================
Received Import Request.
  Time since last request: 0.697821 seconds.
  path: Assets/2DGamekit/Art/Materials/Environment/MistLight.mat
  artifactKey: Guid(afb12922b97680b4ab289d7ba5d80485) Importer(815301076,1909f56bfc062723c751e8b465ee728b)
Start importing Assets/2DGamekit/Art/Materials/Environment/MistLight.mat using Guid(afb12922b97680b4ab289d7ba5d80485) Importer(815301076,1909f56bfc062723c751e8b465ee728b)  -> (artifact id: '12136d9bc755a1838a8d609ea1153c44') in 0.021780 seconds
Number of updated asset objects reloaded before import = 0
Number of asset objects unloaded after import = 3
========================================================================
Received Import Request.
  Time since last request: 0.000038 seconds.
  path: Assets/2DGamekit/Art/Materials/Interactables/MovingPlatform.mat
  artifactKey: Guid(926289aa8ad55294196e9dd90e16a9ed) Importer(815301076,1909f56bfc062723c751e8b465ee728b)
Start importing Assets/2DGamekit/Art/Materials/Interactables/MovingPlatform.mat using Guid(926289aa8ad55294196e9dd90e16a9ed) Importer(815301076,1909f56bfc062723c751e8b465ee728b)  -> (artifact id: 'f4e0d11a8e9f6e76b77b98c68422bc71') in 0.033108 seconds
Number of updated asset objects reloaded before import = 0
Number of asset objects unloaded after import = 6
========================================================================
Received Import Request.
  Time since last request: 3.826534 seconds.
  path: Assets/2DGamekit/Art/Materials/Environment/LitBasicWaterBlocker.mat
  artifactKey: Guid(9582a0c4413db28449ea64e38d637837) Importer(815301076,1909f56bfc062723c751e8b465ee728b)
Start importing Assets/2DGamekit/Art/Materials/Environment/LitBasicWaterBlocker.mat using Guid(9582a0c4413db28449ea64e38d637837) Importer(815301076,1909f56bfc062723c751e8b465ee728b)  -> (artifact id: '5f190591947a92d825a65bc8f9e107f6') in 0.037521 seconds
Number of updated asset objects reloaded before import = 0
Number of asset objects unloaded after import = 4
========================================================================
Received Import Request.
  Time since last request: 4.661164 seconds.
  path: Assets/2DGamekit/Art/Materials/VFX/Enemies/Gunner/Lightning.mat
  artifactKey: Guid(c5d072348317bd947bfb0130940546c2) Importer(815301076,1909f56bfc062723c751e8b465ee728b)
Start importing Assets/2DGamekit/Art/Materials/VFX/Enemies/Gunner/Lightning.mat using Guid(c5d072348317bd947bfb0130940546c2) Importer(815301076,1909f56bfc062723c751e8b465ee728b)  -> (artifact id: '6697045bc7b91cc4648e7bdea342e772') in 0.041834 seconds
Number of updated asset objects reloaded before import = 0
Number of asset objects unloaded after import = 3
========================================================================
Received Import Request.
  Time since last request: 13.309177 seconds.
  path: Assets/2DGamekit/Art/Materials/Enemies/GunnerShield.mat
  artifactKey: Guid(74b5a090435a1bb4b9c3d40a4505af18) Importer(815301076,1909f56bfc062723c751e8b465ee728b)
Start importing Assets/2DGamekit/Art/Materials/Enemies/GunnerShield.mat using Guid(74b5a090435a1bb4b9c3d40a4505af18) Importer(815301076,1909f56bfc062723c751e8b465ee728b)  -> (artifact id: '066eaa9749994b2591ed142ba862ec81') in 0.101517 seconds
Number of updated asset objects reloaded before import = 0
Number of asset objects unloaded after import = 2
========================================================================
Received Import Request.
  Time since last request: 0.000042 seconds.
  path: Assets/2DGamekit/Art/Materials/Enemies/GunnerShieldDamage.mat
  artifactKey: Guid(3be28bb57af1ee14c895f7b66f48ae30) Importer(815301076,1909f56bfc062723c751e8b465ee728b)
Start importing Assets/2DGamekit/Art/Materials/Enemies/GunnerShieldDamage.mat using Guid(3be28bb57af1ee14c895f7b66f48ae30) Importer(815301076,1909f56bfc062723c751e8b465ee728b)  -> (artifact id: 'e0d4278528bb3d03d6180f9fc57f6c3e') in 0.053945 seconds
Number of updated asset objects reloaded before import = 0
Number of asset objects unloaded after import = 4
Editor requested this worker to shutdown with reason: Scaling down because of idle timeout
TcpMessagingSession - receive error: operation aborted. errorcode: 995, details: The I/O operation has been aborted because of either a thread exit or an application request.
AssetImportWorker is now disconnected from the server
Process exiting
Exiting without the bug reporter. Application will terminate with return code 0