Using pre-set license
Built from '2022.3/staging' branch; Version is '2022.3.10f1 (ff3792e53c62) revision 16725906'; Using compiler version '192829333'; Build Type 'Release'
OS: 'Windows 11  (10.0.22621) 64bit CoreSingleLanguage' Language: 'en' Physical Memory: 16052 MB
BatchMode: 1, IsHumanControllingUs: 0, StartBugReporterOnCrash: 0, Is64bit: 1, IsPro: 1

COMMAND LINE ARGUMENTS:
C:\Program Files\Unity\Hub\Editor\2022.3.10f1\Editor\Unity.exe
-adb2
-batchMode
-noUpm
-name
AssetImportWorker2
-projectPath
C:/Users/vpthe/OneDrive/Desktop/Unity Projects/2D Game Project/2DGameProject
-logFile
Logs/AssetImportWorker2.log
-srvPort
52187
Successfully changed project path to: C:/Users/vpthe/OneDrive/Desktop/Unity Projects/2D Game Project/2DGameProject
C:/Users/vpthe/OneDrive/Desktop/Unity Projects/2D Game Project/2DGameProject
[UnityMemory] Configuration Parameters - Can be set up in boot.config
    "memorysetup-bucket-allocator-granularity=16"
    "memorysetup-bucket-allocator-bucket-count=8"
    "memorysetup-bucket-allocator-block-size=33554432"
    "memorysetup-bucket-allocator-block-count=8"
    "memorysetup-main-allocator-block-size=16777216"
    "memorysetup-thread-allocator-block-size=16777216"
    "memorysetup-gfx-main-allocator-block-size=16777216"
    "memorysetup-gfx-thread-allocator-block-size=16777216"
    "memorysetup-cache-allocator-block-size=4194304"
    "memorysetup-typetree-allocator-block-size=2097152"
    "memorysetup-profiler-bucket-allocator-granularity=16"
    "memorysetup-profiler-bucket-allocator-bucket-count=8"
    "memorysetup-profiler-bucket-allocator-block-size=33554432"
    "memorysetup-profiler-bucket-allocator-block-count=8"
    "memorysetup-profiler-allocator-block-size=16777216"
    "memorysetup-profiler-editor-allocator-block-size=1048576"
    "memorysetup-temp-allocator-size-main=16777216"
    "memorysetup-job-temp-allocator-block-size=2097152"
    "memorysetup-job-temp-allocator-block-size-background=1048576"
    "memorysetup-job-temp-allocator-reduction-small-platforms=262144"
    "memorysetup-allocator-temp-initial-block-size-main=262144"
    "memorysetup-allocator-temp-initial-block-size-worker=262144"
    "memorysetup-temp-allocator-size-background-worker=32768"
    "memorysetup-temp-allocator-size-job-worker=262144"
    "memorysetup-temp-allocator-size-preload-manager=33554432"
    "memorysetup-temp-allocator-size-nav-mesh-worker=65536"
    "memorysetup-temp-allocator-size-audio-worker=65536"
    "memorysetup-temp-allocator-size-cloud-worker=32768"
    "memorysetup-temp-allocator-size-gi-baking-worker=262144"
    "memorysetup-temp-allocator-size-gfx=262144"
Player connection [15108] Host "[IP] 192.168.6.1 [Port] 0 [Flags] 2 [Guid] 542753050 [EditorId] 542753050 [Version] 1048832 [Id] WindowsEditor(7,PAVILION14) [Debug] 1 [PackageName] WindowsEditor [ProjectName] Editor" joined multi-casting on [225.0.0.222:54997]...

Player connection [15108] Host "[IP] 192.168.6.1 [Port] 0 [Flags] 2 [Guid] 542753050 [EditorId] 542753050 [Version] 1048832 [Id] WindowsEditor(7,PAVILION14) [Debug] 1 [PackageName] WindowsEditor [ProjectName] Editor" joined alternative multi-casting on [225.0.0.222:34997]...

[Physics::Module] Initialized MultithreadedJobDispatcher with 11 workers.
Refreshing native plugins compatible for Editor in 51.40 ms, found 4 plugins.
Preloading 0 native plugins for Editor in 0.00 ms.
Initialize engine version: 2022.3.10f1 (ff3792e53c62)
[Subsystems] Discovering subsystems at path C:/Program Files/Unity/Hub/Editor/2022.3.10f1/Editor/Data/Resources/UnitySubsystems
[Subsystems] Discovering subsystems at path C:/Users/vpthe/OneDrive/Desktop/Unity Projects/2D Game Project/2DGameProject/Assets
GfxDevice: creating device client; threaded=0; jobified=0
Direct3D:
    Version:  Direct3D 11.0 [level 11.1]
    Renderer: Intel(R) Iris(R) Xe Graphics (ID=0x46a8)
    Vendor:   Intel
    VRAM:     8026 MB
    Driver:   31.0.101.4502
Initialize mono
Mono path[0] = 'C:/Program Files/Unity/Hub/Editor/2022.3.10f1/Editor/Data/Managed'
Mono path[1] = 'C:/Program Files/Unity/Hub/Editor/2022.3.10f1/Editor/Data/MonoBleedingEdge/lib/mono/unityjit-win32'
Mono config path = 'C:/Program Files/Unity/Hub/Editor/2022.3.10f1/Editor/Data/MonoBleedingEdge/etc'
Using monoOptions --debugger-agent=transport=dt_socket,embedding=1,server=y,suspend=n,address=127.0.0.1:56652
Begin MonoManager ReloadAssembly
Registering precompiled unity dll's ...
Register platform support module: C:/Program Files/Unity/Hub/Editor/2022.3.10f1/Editor/Data/PlaybackEngines/WebGLSupport/UnityEditor.WebGL.Extensions.dll
Register platform support module: C:/Program Files/Unity/Hub/Editor/2022.3.10f1/Editor/Data/PlaybackEngines/WindowsStandaloneSupport/UnityEditor.WindowsStandalone.Extensions.dll
Registered in 0.010859 seconds.
- Loaded All Assemblies, in  0.690 seconds
Native extension for WindowsStandalone target not found
Native extension for WebGL target not found
Mono: successfully reloaded assembly
- Finished resetting the current domain, in  0.426 seconds
Domain Reload Profiling: 1109ms
	BeginReloadAssembly (124ms)
		ExecutionOrderSort (0ms)
		DisableScriptedObjects (0ms)
		BackupInstance (0ms)
		ReleaseScriptingObjects (0ms)
		CreateAndSetChildDomain (1ms)
	RebuildCommonClasses (38ms)
	RebuildNativeTypeToScriptingClass (12ms)
	initialDomainReloadingComplete (142ms)
	LoadAllAssembliesAndSetupDomain (366ms)
		LoadAssemblies (124ms)
		RebuildTransferFunctionScriptingTraits (0ms)
		AnalyzeDomain (361ms)
			TypeCache.Refresh (359ms)
				TypeCache.ScanAssembly (331ms)
			ScanForSourceGeneratedMonoScriptInfo (1ms)
			ResolveRequiredComponents (1ms)
	FinalizeReload (427ms)
		ReleaseScriptCaches (0ms)
		RebuildScriptCaches (0ms)
		SetupLoadedEditorAssemblies (317ms)
			LogAssemblyErrors (0ms)
			InitializePlatformSupportModulesInManaged (27ms)
			SetLoadedEditorAssemblies (10ms)
			RefreshPlugins (0ms)
			BeforeProcessingInitializeOnLoad (6ms)
			ProcessInitializeOnLoadAttributes (209ms)
			ProcessInitializeOnLoadMethodAttributes (64ms)
			AfterProcessingInitializeOnLoad (0ms)
			EditorAssembliesLoaded (0ms)
		ExecutionOrderSort2 (0ms)
		AwakeInstancesAfterBackupRestoration (0ms)
========================================================================
Worker process is ready to serve import requests
Begin MonoManager ReloadAssembly
- Loaded All Assemblies, in  0.914 seconds
Refreshing native plugins compatible for Editor in 12.16 ms, found 4 plugins.
Native extension for WindowsStandalone target not found
Native extension for WebGL target not found
Package Manager log level set to [2]
[Package Manager] Server::EnsureServerProcessIsRunning -- launch failed, reason: Unity was launched with the -noUpm command-line argument
[Package Manager] UpmClient::Send -- Unable to send message (not connected to UPM process).
[Package Manager] Cannot connect to Unity Package Manager local server
Mono: successfully reloaded assembly
- Finished resetting the current domain, in  0.855 seconds
Domain Reload Profiling: 1762ms
	BeginReloadAssembly (171ms)
		ExecutionOrderSort (0ms)
		DisableScriptedObjects (5ms)
		BackupInstance (0ms)
		ReleaseScriptingObjects (0ms)
		CreateAndSetChildDomain (21ms)
	RebuildCommonClasses (38ms)
	RebuildNativeTypeToScriptingClass (12ms)
	initialDomainReloadingComplete (53ms)
	LoadAllAssembliesAndSetupDomain (634ms)
		LoadAssemblies (412ms)
		RebuildTransferFunctionScriptingTraits (0ms)
		AnalyzeDomain (329ms)
			TypeCache.Refresh (270ms)
				TypeCache.ScanAssembly (232ms)
			ScanForSourceGeneratedMonoScriptInfo (41ms)
			ResolveRequiredComponents (15ms)
	FinalizeReload (855ms)
		ReleaseScriptCaches (0ms)
		RebuildScriptCaches (0ms)
		SetupLoadedEditorAssemblies (640ms)
			LogAssemblyErrors (0ms)
			InitializePlatformSupportModulesInManaged (10ms)
			SetLoadedEditorAssemblies (5ms)
			RefreshPlugins (0ms)
			BeforeProcessingInitializeOnLoad (98ms)
			ProcessInitializeOnLoadAttributes (417ms)
			ProcessInitializeOnLoadMethodAttributes (102ms)
			AfterProcessingInitializeOnLoad (8ms)
			EditorAssembliesLoaded (0ms)
		ExecutionOrderSort2 (0ms)
		AwakeInstancesAfterBackupRestoration (8ms)
Launched and connected shader compiler UnityShaderCompiler.exe after 0.10 seconds
Refreshing native plugins compatible for Editor in 10.77 ms, found 4 plugins.
Preloading 0 native plugins for Editor in 0.00 ms.
Unloading 6141 Unused Serialized files (Serialized files now loaded: 0)
Unloading 114 unused Assets / (1.8 MB). Loaded Objects now: 6586.
Memory consumption went from 243.4 MB to 241.6 MB.
Total: 5.771100 ms (FindLiveObjects: 0.457500 ms CreateObjectMapping: 0.325600 ms MarkObjects: 4.414900 ms  DeleteObjects: 0.571500 ms)

AssetImportParameters requested are different than current active one (requested -> active):
  custom:container-demuxer-ogg: 62fdf1f143b41e24485cea50d1cbac27 -> 
  custom:video-codec-MediaFoundation-h265: 746d11721c4dcdbdad8f713fa42b33f4 -> 
  custom:video-decoder-ogg-theora: a1e56fd34408186e4bbccfd4996cb3dc -> 
  custom:framework-win-MediaFoundation: 216162199b28c13a410421893ffa2e32 -> 
  custom:CustomObjectIndexerAttribute: d54d2f2da18e7612c182cf67624b6b12 -> 
  custom:container-demuxer-webm: 4f35f7cbe854078d1ac9338744f61a02 -> 
  custom:container-muxer-webm: aa71ff27fc2769a1b78a27578f13a17b -> 
  custom:video-decoder-webm-vp8: 9c59270c3fd7afecdb556c50c9e8de78 -> 
  custom:SearchIndexIgnoredProperties: e643bd26f0fe6173181afceb89e7c659 -> 
  custom:AudioImporter_EditorPlatform: d09bf68614088b80899f8185d706f6e7 -> 
  custom:video-encoder-webm-vp8: eb34c28f22e8b96e1ab97ce403110664 -> 
  custom:audio-decoder-ogg-vorbis: bf7c407c2cedff20999df2af8eb42d56 -> 
  custom:audio-encoder-webm-vorbis: bf7c407c2cedff20999df2af8eb42d56 -> 
========================================================================
Received Import Request.
  Time since last request: 85632.398446 seconds.
  path: Assets/2DGamekit/Art/Materials/Interactables/Spikes.mat
  artifactKey: Guid(1b7abd73b5fe8524abc0ceb94975dda2) Importer(815301076,1909f56bfc062723c751e8b465ee728b)
Start importing Assets/2DGamekit/Art/Materials/Interactables/Spikes.mat using Guid(1b7abd73b5fe8524abc0ceb94975dda2) Importer(815301076,1909f56bfc062723c751e8b465ee728b)  -> (artifact id: '20bb79d2a983f9b3a23ff8750c83fb96') in 0.521175 seconds
Number of updated asset objects reloaded before import = 0
Number of asset objects unloaded after import = 5
========================================================================
Received Import Request.
  Time since last request: 0.000064 seconds.
  path: Assets/2DGamekit/Art/Materials/Interactables/RockDust01.mat
  artifactKey: Guid(489d56aef57efbd4cacbd837483a3b97) Importer(815301076,1909f56bfc062723c751e8b465ee728b)
Start importing Assets/2DGamekit/Art/Materials/Interactables/RockDust01.mat using Guid(489d56aef57efbd4cacbd837483a3b97) Importer(815301076,1909f56bfc062723c751e8b465ee728b)  -> (artifact id: 'f91baf03eb6475cc97cc2f118867fd2f') in 0.105857 seconds
Number of updated asset objects reloaded before import = 0
Number of asset objects unloaded after import = 3
========================================================================
Received Import Request.
  Time since last request: 0.000063 seconds.
  path: Assets/2DGamekit/Art/Materials/VFX/Ellen/RespawnEffect.mat
  artifactKey: Guid(28306f74033b5444d8271f86aed207e1) Importer(815301076,1909f56bfc062723c751e8b465ee728b)
Start importing Assets/2DGamekit/Art/Materials/VFX/Ellen/RespawnEffect.mat using Guid(28306f74033b5444d8271f86aed207e1) Importer(815301076,1909f56bfc062723c751e8b465ee728b)  -> (artifact id: 'c7ac87b18f9ebaa677ddca71cd845881') in 0.050668 seconds
Number of updated asset objects reloaded before import = 0
Number of asset objects unloaded after import = 3
========================================================================
Received Import Request.
  Time since last request: 0.000039 seconds.
  path: Assets/2DGamekit/Utilities/Fonts/Rajdhani-SemiBold SDF.asset
  artifactKey: Guid(4c1f115f2c9b80b4cabb22cae230db1c) Importer(815301076,1909f56bfc062723c751e8b465ee728b)
Start importing Assets/2DGamekit/Utilities/Fonts/Rajdhani-SemiBold SDF.asset using Guid(4c1f115f2c9b80b4cabb22cae230db1c) Importer(815301076,1909f56bfc062723c751e8b465ee728b)  -> (artifact id: 'b82a2ac4bf1ef845239da00421d92306') in 0.164976 seconds
Number of updated asset objects reloaded before import = 0
Number of asset objects unloaded after import = 5
========================================================================
Received Import Request.
  Time since last request: 0.000049 seconds.
  path: Assets/2DGamekit/Art/Materials/VFX/RoundParticles.mat
  artifactKey: Guid(9d008d8496a77794bbf7cdf9ed4684ce) Importer(815301076,1909f56bfc062723c751e8b465ee728b)
Start importing Assets/2DGamekit/Art/Materials/VFX/RoundParticles.mat using Guid(9d008d8496a77794bbf7cdf9ed4684ce) Importer(815301076,1909f56bfc062723c751e8b465ee728b)  -> (artifact id: '679e6338e68d838fd914dccbda9d5222') in 0.538892 seconds
Number of updated asset objects reloaded before import = 0
Number of asset objects unloaded after import = 3
========================================================================
Received Import Request.
  Time since last request: 0.992475 seconds.
  path: Assets/2DGamekit/Utilities/Fonts/Rajdhani-Bold SDF.asset
  artifactKey: Guid(e85f1cf0bfd4d1447bed2bc737c47be7) Importer(815301076,1909f56bfc062723c751e8b465ee728b)
Start importing Assets/2DGamekit/Utilities/Fonts/Rajdhani-Bold SDF.asset using Guid(e85f1cf0bfd4d1447bed2bc737c47be7) Importer(815301076,1909f56bfc062723c751e8b465ee728b)  -> (artifact id: '8757ba1af0f282fe3477b10f237efb5b') in 0.159731 seconds
Number of updated asset objects reloaded before import = 0
Number of asset objects unloaded after import = 5
========================================================================
Received Import Request.
  Time since last request: 0.531854 seconds.
  path: Assets/2DGamekit/Art/Materials/Environment/PlantSwayBG.mat
  artifactKey: Guid(fe3dba381bdf9194986c8c65fef4b3b8) Importer(815301076,1909f56bfc062723c751e8b465ee728b)
Start importing Assets/2DGamekit/Art/Materials/Environment/PlantSwayBG.mat using Guid(fe3dba381bdf9194986c8c65fef4b3b8) Importer(815301076,1909f56bfc062723c751e8b465ee728b)  -> (artifact id: 'b2759a994644374ec3e77943dde3bb69') in 0.112483 seconds
Number of updated asset objects reloaded before import = 0
Number of asset objects unloaded after import = 3
========================================================================
Received Import Request.
  Time since last request: 0.557184 seconds.
  path: Assets/2DGamekit/Art/Materials/VFX/Environment/ParticleHeatHaze.mat
  artifactKey: Guid(4b568e5436d1efa4b9f1010402b4a7ef) Importer(815301076,1909f56bfc062723c751e8b465ee728b)
Start importing Assets/2DGamekit/Art/Materials/VFX/Environment/ParticleHeatHaze.mat using Guid(4b568e5436d1efa4b9f1010402b4a7ef) Importer(815301076,1909f56bfc062723c751e8b465ee728b)  -> (artifact id: '3cb6d32ad98f791f8e8a59b503df9601') in 0.363012 seconds
Number of updated asset objects reloaded before import = 0
Number of asset objects unloaded after import = 4
========================================================================
Received Import Request.
  Time since last request: 0.527470 seconds.
  path: Assets/2DGamekit/Art/Materials/Interactables/MovingPlatformAlien.mat
  artifactKey: Guid(10dfd801f2044ff4a865e2c633cfb0e0) Importer(815301076,1909f56bfc062723c751e8b465ee728b)
Start importing Assets/2DGamekit/Art/Materials/Interactables/MovingPlatformAlien.mat using Guid(10dfd801f2044ff4a865e2c633cfb0e0) Importer(815301076,1909f56bfc062723c751e8b465ee728b)  -> (artifact id: 'e5d047516b9546e8577ed2b3b6f78b15') in 0.050648 seconds
Number of updated asset objects reloaded before import = 0
Number of asset objects unloaded after import = 6
========================================================================
Received Import Request.
  Time since last request: 0.765147 seconds.
  path: Assets/2DGamekit/Utilities/Shaders/Mist.mat
  artifactKey: Guid(b9c564a6f890b31468575a6951ce66cb) Importer(815301076,1909f56bfc062723c751e8b465ee728b)
Start importing Assets/2DGamekit/Utilities/Shaders/Mist.mat using Guid(b9c564a6f890b31468575a6951ce66cb) Importer(815301076,1909f56bfc062723c751e8b465ee728b)  -> (artifact id: '438b86520315369a2713b94d5d307511') in 0.394888 seconds
Number of updated asset objects reloaded before import = 0
Number of asset objects unloaded after import = 4
========================================================================
Received Import Request.
  Time since last request: 2.126687 seconds.
  path: Assets/2DGamekit/Art/Materials/Environment/LitTileRock.mat
  artifactKey: Guid(0b5df3b23f3993d45a18f88d8815665d) Importer(815301076,1909f56bfc062723c751e8b465ee728b)
Start importing Assets/2DGamekit/Art/Materials/Environment/LitTileRock.mat using Guid(0b5df3b23f3993d45a18f88d8815665d) Importer(815301076,1909f56bfc062723c751e8b465ee728b)  -> (artifact id: '8cf70ecbb20292476eae7160cedcb152') in 0.031440 seconds
Number of updated asset objects reloaded before import = 0
Number of asset objects unloaded after import = 3
========================================================================
Received Import Request.
  Time since last request: 0.489890 seconds.
  path: Assets/2DGamekit/Art/Materials/Environment/LitTileBasic.mat
  artifactKey: Guid(850935974f6a0ae4c8770cbbb77f74d0) Importer(815301076,1909f56bfc062723c751e8b465ee728b)
Start importing Assets/2DGamekit/Art/Materials/Environment/LitTileBasic.mat using Guid(850935974f6a0ae4c8770cbbb77f74d0) Importer(815301076,1909f56bfc062723c751e8b465ee728b)  -> (artifact id: '442c355cc07b66d6963e0050e56a0444') in 0.030261 seconds
Number of updated asset objects reloaded before import = 0
Number of asset objects unloaded after import = 3
========================================================================
Received Import Request.
  Time since last request: 0.000037 seconds.
  path: Assets/2DGamekit/Art/Materials/Interactables/LitTeleporter.mat
  artifactKey: Guid(dfaf72943d53ef44192730ae8dcb09e5) Importer(815301076,1909f56bfc062723c751e8b465ee728b)
Start importing Assets/2DGamekit/Art/Materials/Interactables/LitTeleporter.mat using Guid(dfaf72943d53ef44192730ae8dcb09e5) Importer(815301076,1909f56bfc062723c751e8b465ee728b)  -> (artifact id: 'd0d79666ea1beaa9aa01727df3e8f0df') in 0.028693 seconds
Number of updated asset objects reloaded before import = 0
Number of asset objects unloaded after import = 4
========================================================================
Received Import Request.
  Time since last request: 0.060362 seconds.
  path: Assets/2DGamekit/Art/Materials/Environment/LitBasic.mat
  artifactKey: Guid(322ded1933a853242928d9ab76e0498b) Importer(815301076,1909f56bfc062723c751e8b465ee728b)
Start importing Assets/2DGamekit/Art/Materials/Environment/LitBasic.mat using Guid(322ded1933a853242928d9ab76e0498b) Importer(815301076,1909f56bfc062723c751e8b465ee728b)  -> (artifact id: '94d4bb043018220eee7fa222e635d82c') in 0.016977 seconds
Number of updated asset objects reloaded before import = 0
Number of asset objects unloaded after import = 3
========================================================================
Received Import Request.
  Time since last request: 4.487618 seconds.
  path: Assets/2DGamekit/Art/Materials/VFX/Enemies/Gunner/LightningLight.mat
  artifactKey: Guid(7511cb34746338140b257765ed3fc1cd) Importer(815301076,1909f56bfc062723c751e8b465ee728b)
Start importing Assets/2DGamekit/Art/Materials/VFX/Enemies/Gunner/LightningLight.mat using Guid(7511cb34746338140b257765ed3fc1cd) Importer(815301076,1909f56bfc062723c751e8b465ee728b)  -> (artifact id: '87893999bd8d7a3bf4b0a875b9df397b') in 0.024830 seconds
Number of updated asset objects reloaded before import = 0
Number of asset objects unloaded after import = 2
========================================================================
Received Import Request.
  Time since last request: 0.043227 seconds.
  path: Assets/2DGamekit/Utilities/TextMesh Pro/Resources/Fonts & Materials/LiberationSans SDF - Outline.mat
  artifactKey: Guid(79459efec17a4d00a321bdcc27bbc385) Importer(815301076,1909f56bfc062723c751e8b465ee728b)
Start importing Assets/2DGamekit/Utilities/TextMesh Pro/Resources/Fonts & Materials/LiberationSans SDF - Outline.mat using Guid(79459efec17a4d00a321bdcc27bbc385) Importer(815301076,1909f56bfc062723c751e8b465ee728b)  -> (artifact id: 'df5962c422b9e7f8851ef5e150a58b0f') in 0.160004 seconds
Number of updated asset objects reloaded before import = 0
Number of asset objects unloaded after import = 3
========================================================================
Received Import Request.
  Time since last request: 0.797403 seconds.
  path: Assets/2DGamekit/Art/Materials/VFX/Ellen/JumpEffect.mat
  artifactKey: Guid(ec5e4ac8b7092944198a08557485952d) Importer(815301076,1909f56bfc062723c751e8b465ee728b)
Start importing Assets/2DGamekit/Art/Materials/VFX/Ellen/JumpEffect.mat using Guid(ec5e4ac8b7092944198a08557485952d) Importer(815301076,1909f56bfc062723c751e8b465ee728b)  -> (artifact id: '064cb023a615e5fc3ababd0b91618b69') in 0.029740 seconds
Number of updated asset objects reloaded before import = 0
Number of asset objects unloaded after import = 3
========================================================================
Received Import Request.
  Time since last request: 4.695389 seconds.
  path: Assets/2DGamekit/Art/Materials/Interactables/HubDoor 1.mat
  artifactKey: Guid(8dfdbfca677093344b20bdae25469214) Importer(815301076,1909f56bfc062723c751e8b465ee728b)
Start importing Assets/2DGamekit/Art/Materials/Interactables/HubDoor 1.mat using Guid(8dfdbfca677093344b20bdae25469214) Importer(815301076,1909f56bfc062723c751e8b465ee728b)  -> (artifact id: '8dea32a48759aac3136f5005e378ec46') in 0.020519 seconds
Number of updated asset objects reloaded before import = 0
Number of asset objects unloaded after import = 3
========================================================================
Received Import Request.
  Time since last request: 6.518742 seconds.
  path: Assets/2DGamekit/Art/Materials/VFX/Interactables/HealthParticles.mat
  artifactKey: Guid(c4c30fd8d8abcd2479e9d89da1e8f2ab) Importer(815301076,1909f56bfc062723c751e8b465ee728b)
Start importing Assets/2DGamekit/Art/Materials/VFX/Interactables/HealthParticles.mat using Guid(c4c30fd8d8abcd2479e9d89da1e8f2ab) Importer(815301076,1909f56bfc062723c751e8b465ee728b)  -> (artifact id: 'e8a98beff82e2c87caa110aea84a1c12') in 0.032357 seconds
Number of updated asset objects reloaded before import = 0
Number of asset objects unloaded after import = 3
========================================================================
Received Import Request.
  Time since last request: 0.491640 seconds.
  path: Assets/2DGamekit/Art/Materials/VFX/Interactables/HealingEffect.mat
  artifactKey: Guid(6446c065f29a9a94b9462d7b44e824a5) Importer(815301076,1909f56bfc062723c751e8b465ee728b)
Start importing Assets/2DGamekit/Art/Materials/VFX/Interactables/HealingEffect.mat using Guid(6446c065f29a9a94b9462d7b44e824a5) Importer(815301076,1909f56bfc062723c751e8b465ee728b)  -> (artifact id: 'a24788af6f876f57f988f75e60f70a9c') in 0.047267 seconds
Number of updated asset objects reloaded before import = 0
Number of asset objects unloaded after import = 3
========================================================================
Received Import Request.
  Time since last request: 0.436062 seconds.
  path: Assets/2DGamekit/Art/Materials/Enemies/GunnerUpBeamEffect01.mat
  artifactKey: Guid(abeda169c8b81254ea278944f247a4fa) Importer(815301076,1909f56bfc062723c751e8b465ee728b)
Start importing Assets/2DGamekit/Art/Materials/Enemies/GunnerUpBeamEffect01.mat using Guid(abeda169c8b81254ea278944f247a4fa) Importer(815301076,1909f56bfc062723c751e8b465ee728b)  -> (artifact id: '555bf4f9748a859794db90d2503e3b88') in 0.357269 seconds
Number of updated asset objects reloaded before import = 0
Number of asset objects unloaded after import = 3
========================================================================
Received Import Request.
  Time since last request: 61.583694 seconds.
  path: Assets/2DGamekit/Art/Materials/Enemies/GunnerProjectileParticle.mat
  artifactKey: Guid(9dc7ddfb66f7155478361b01782f2afc) Importer(815301076,1909f56bfc062723c751e8b465ee728b)
Start importing Assets/2DGamekit/Art/Materials/Enemies/GunnerProjectileParticle.mat using Guid(9dc7ddfb66f7155478361b01782f2afc) Importer(815301076,1909f56bfc062723c751e8b465ee728b)  -> (artifact id: '496dd72985cdfac582453b810a9bf441') in 0.027074 seconds
Number of updated asset objects reloaded before import = 0
Number of asset objects unloaded after import = 4
========================================================================
Received Import Request.
  Time since last request: 68.068472 seconds.
  path: Assets/2DGamekit/Prefabs/Interactables/Teleporter.prefab
  artifactKey: Guid(ea040a76895f65745899f41e3dff6aeb) Importer(815301076,1909f56bfc062723c751e8b465ee728b)
Start importing Assets/2DGamekit/Prefabs/Interactables/Teleporter.prefab using Guid(ea040a76895f65745899f41e3dff6aeb) Importer(815301076,1909f56bfc062723c751e8b465ee728b)  -> (artifact id: 'b586f06b589de821391b1404480dd42c') in 0.239636 seconds
Number of updated asset objects reloaded before import = 0
Number of asset objects unloaded after import = 46
========================================================================
Received Import Request.
  Time since last request: 0.237960 seconds.
  path: Assets/2DGamekit/Prefabs/Interactables/Teleporter.prefab
  artifactKey: Guid(ea040a76895f65745899f41e3dff6aeb) Importer(815301076,1909f56bfc062723c751e8b465ee728b)
Start importing Assets/2DGamekit/Prefabs/Interactables/Teleporter.prefab using Guid(ea040a76895f65745899f41e3dff6aeb) Importer(815301076,1909f56bfc062723c751e8b465ee728b)  -> (artifact id: '9f9f9ab1434f926eaf3f6a96e613cd78') in 0.034450 seconds
Number of updated asset objects reloaded before import = 0
Number of asset objects unloaded after import = 46
========================================================================
Received Prepare
Begin MonoManager ReloadAssembly
- Loaded All Assemblies, in  0.918 seconds
Refreshing native plugins compatible for Editor in 12.27 ms, found 4 plugins.
Native extension for WindowsStandalone target not found
Native extension for WebGL target not found
[Package Manager] Server::EnsureServerProcessIsRunning -- launch failed, reason: Unity was launched with the -noUpm command-line argument
[Package Manager] UpmClient::Send -- Unable to send message (not connected to UPM process).
[Package Manager] Cannot connect to Unity Package Manager local server
Mono: successfully reloaded assembly
- Finished resetting the current domain, in  3.920 seconds
Domain Reload Profiling: 4824ms
	BeginReloadAssembly (335ms)
		ExecutionOrderSort (0ms)
		DisableScriptedObjects (26ms)
		BackupInstance (0ms)
		ReleaseScriptingObjects (0ms)
		CreateAndSetChildDomain (88ms)
	RebuildCommonClasses (62ms)
	RebuildNativeTypeToScriptingClass (25ms)
	initialDomainReloadingComplete (56ms)
	LoadAllAssembliesAndSetupDomain (424ms)
		LoadAssemblies (546ms)
		RebuildTransferFunctionScriptingTraits (0ms)
		AnalyzeDomain (36ms)
			TypeCache.Refresh (9ms)
				TypeCache.ScanAssembly (0ms)
			ScanForSourceGeneratedMonoScriptInfo (0ms)
			ResolveRequiredComponents (25ms)
	FinalizeReload (3921ms)
		ReleaseScriptCaches (0ms)
		RebuildScriptCaches (0ms)
		SetupLoadedEditorAssemblies (1711ms)
			LogAssemblyErrors (0ms)
			InitializePlatformSupportModulesInManaged (26ms)
			SetLoadedEditorAssemblies (9ms)
			RefreshPlugins (0ms)
			BeforeProcessingInitializeOnLoad (264ms)
			ProcessInitializeOnLoadAttributes (1097ms)
			ProcessInitializeOnLoadMethodAttributes (285ms)
			AfterProcessingInitializeOnLoad (29ms)
			EditorAssembliesLoaded (1ms)
		ExecutionOrderSort2 (0ms)
		AwakeInstancesAfterBackupRestoration (64ms)
Refreshing native plugins compatible for Editor in 20.95 ms, found 4 plugins.
Preloading 0 native plugins for Editor in 0.00 ms.
Unloading 5948 Unused Serialized files (Serialized files now loaded: 0)
Unloading 66 unused Assets / (1.8 MB). Loaded Objects now: 6688.
Memory consumption went from 212.0 MB to 210.2 MB.
Total: 9.942800 ms (FindLiveObjects: 1.021700 ms CreateObjectMapping: 0.672500 ms MarkObjects: 7.041800 ms  DeleteObjects: 1.203500 ms)

Prepare: number of updated asset objects reloaded= 0
AssetImportParameters requested are different than current active one (requested -> active):
  custom:container-demuxer-ogg: 62fdf1f143b41e24485cea50d1cbac27 -> 
  custom:video-codec-MediaFoundation-h265: 746d11721c4dcdbdad8f713fa42b33f4 -> 
  custom:video-decoder-ogg-theora: a1e56fd34408186e4bbccfd4996cb3dc -> 
  custom:framework-win-MediaFoundation: 216162199b28c13a410421893ffa2e32 -> 
  custom:CustomObjectIndexerAttribute: d54d2f2da18e7612c182cf67624b6b12 -> 
  custom:container-demuxer-webm: 4f35f7cbe854078d1ac9338744f61a02 -> 
  custom:container-muxer-webm: aa71ff27fc2769a1b78a27578f13a17b -> 
  custom:video-decoder-webm-vp8: 9c59270c3fd7afecdb556c50c9e8de78 -> 
  custom:SearchIndexIgnoredProperties: e643bd26f0fe6173181afceb89e7c659 -> 
  custom:AudioImporter_EditorPlatform: d09bf68614088b80899f8185d706f6e7 -> 
  custom:video-encoder-webm-vp8: eb34c28f22e8b96e1ab97ce403110664 -> 
  custom:audio-decoder-ogg-vorbis: bf7c407c2cedff20999df2af8eb42d56 -> 
  custom:audio-encoder-webm-vorbis: bf7c407c2cedff20999df2af8eb42d56 -> 
